Starting at Sat Apr 30 23:12:02 UTC 2022

nvcc -O3 -std=c++11 -arch=compute_75 -code=sm_75 -o main_q3 main_q3.cu
nvcc -O3 -std=c++11 -arch=compute_75 -code=sm_75 -o main_q1 main_q1.cu
nvcc -O3 -std=c++11 -arch=compute_75 -code=sm_75 -o main_q2 main_q2.cu

Output from main_q1
----------------

Output from main_q2
----------------
                                     Device Bandwidth GB/sec

                                                  Number of nodes
                         32768          65536         131072         262144         524288        1048576        2097152        4194304
 Avg. no. edges
              2          49.68         118.53         149.85         234.62         279.27          90.63          51.27          38.88
              3          68.17         125.23         181.88         261.79         314.20          81.44          45.84          35.04
              4          71.28         151.89         226.51         252.97         287.94          74.08          40.92          32.21
              5          72.35         152.65         229.68         260.87         307.76          72.70          39.36          31.64
              6          80.16         159.14         238.11         253.45         301.81          72.28          38.47          30.73
              7          89.69         167.90         234.06         269.05         295.15          69.20          38.98          29.55
              8          93.17         181.60         243.19         262.07         301.19          64.30          37.92          29.30
              9          97.52         186.61         239.65         264.68         295.30          60.40          36.03          28.58
             10         104.06         189.71         241.16         260.56         295.05          58.89          34.68          28.16
             11         108.34         180.37         233.87         244.08         294.03          56.13          34.08          27.95
             12         117.20         200.31         240.13         266.07         290.25          54.43          33.98          27.53
             13         114.00         202.15         226.13         266.87         289.07          53.30          34.48          27.25
             14         118.53         201.22         227.84         275.62         287.35          51.64          34.09          27.07
             15         126.44         207.83         244.01         274.59         285.25          51.05          32.80          26.63
             16         127.38         206.83         245.62         269.76         279.25          50.33          32.10          26.63
             17         129.50         210.15         239.70         270.35         270.15          51.19          32.00          26.44
             18         140.48         212.92         229.12         265.99         266.24          51.17          32.85          25.96
             19         137.07         212.96         232.45         266.80         255.45          49.75          33.12          26.21

Output from main_q3
----------------
