Starting at Mon May  2 04:24:15 UTC 2022

make: Nothing to be done for 'default'.

Output from main_q1
----------------
Passed initialization...
Kernel warm-up complete...
Allocated memory on host ...
Created GPU arrays ...
Allocated memory on device!
Largest error found at pos: 15 error 7.81565e-08 expected 1.52526 and got 1.52526
Largest error found at pos: 0 error 0 expected 0.680375 and got 0.680375
Largest error found at pos: 439038 error 1.19193e-07 expected 1.00014 and got 1.00014
Largest error found at pos: 142710 error 2.38333e-07 expected 2.00072 and got 2.00072
Largest error found at pos: 482709 error 5.61004e-07 expected 16.9994 and got 16.9994
Largest error found at pos: 482709 error 1.15797e-06 expected 289.897 and got 289.898
Largest error found at pos: 482709 error 2.324e-06 expected 84041.4 and got 84041.6
Largest error found at pos: 482709 error 4.63941e-06 expected 7.06296e+09 and got 7.063e+09
Largest error found at pos: 482709 error 9.25711e-06 expected 4.98854e+19 and got 4.98859e+19
Largest error found at pos: 138972 error 1.79297e-05 expected 8.03779e+21 and got 8.03765e+21
Largest error found at pos: 905817 error 2.59306e-05 expected 1.66519e+35 and got 1.66523e+35

Questions 1.1-1.3: your code passed all the tests!

                   Q1.4
------------------------------------------ 
Number of Threads   Performance TFlops/sec
               32                 0.631919
               64                  1.67836
               96                  2.57755
              128                  3.42623
              160                  3.70342
              192                  5.66543
              224                  6.76195
              256                  7.60734
              288                  8.18856
              320                  9.01401
              352                  9.72479
              384                  10.4833
              416                  10.0326
              448                   10.689
              480                  11.6014
              512                  11.6717
              544                  10.7425
              576                  11.1654
              608                  12.0133
              640                  12.5556
              672                   11.215
              704                  11.5781
              736                  12.1793
              768                  12.1861
              800                  11.2931
              832                  11.9494
              864                  12.1604
              896                  12.6803
              928                  11.9563
              960                  11.9554
              992                  12.5564
             1024                  12.7659

                   Q1.5
------------------------------------------ 
Number of Blocks   Performance TFlops/sec
              36                 0.871164
              72                  3.31639
             108                  4.39238
             144                  5.80386
             180                  6.75457
             216                  8.03859
             252                  8.01215
             288                  9.31827
             324                  7.71593
             360                    8.634
             396                  8.93147
             432                  9.56122
             468                  9.33878
             504                  11.1881
             540                  11.0315
             576                  11.8005
             612                  11.4023
             648                  11.1196
             684                  11.7592
             720                  12.3545
             756                  11.7443
             792                  12.3142
             828                  11.8246
             864                  11.8239
             900                  11.7744
             936                  11.9988
             972                  11.9701
            1008                  12.3465
            1044                  12.0311
            1080                  12.2692
            1116                   12.101
            1152                  12.4484

                   Q1.6
------------------------------------------ 
Number of Iters   Performance TFlops/sec
             20                  1.55279
             40                  3.18878
             60                  4.77707
             80                   5.9312
            100                  6.71321
            120                  7.23938
            140                  6.71012
            160                   8.3612
            180                  8.84434
            200                  9.09753
            300                  6.75919
            400                  8.58516
            500                  7.90139
            600                  8.22008
            700                  8.38926
            800                  8.77193
            900                  8.83739
           1000                  9.73066
           1200                  9.06454
           1400                  9.23191
           1600                   9.6637
           1800                  9.68325
           2000                  9.89237
           2200                  9.99782
           2400                  9.99068
           2600                  10.1423
           2800                  10.2011
           3000                  10.1401


Output from main_q2
----------------
                                     Device Bandwidth GB/sec

                                                  Number of nodes
                         32768          65536         131072         262144         524288        1048576        2097152        4194304
 Avg. no. edges
              2          45.68         104.14         194.02         245.35         317.79          90.87          51.28          38.89
              3          69.23         126.84         182.55         254.02         315.46          81.53          45.82          34.99
              4          66.86         146.29         195.82         245.39         226.82          73.99          40.91          32.23
              5          70.49         155.05         232.21         266.05         303.33          72.67          39.35          31.66
              6          75.39         153.05         230.30         268.38         301.61          72.44          38.42          30.72
              7          82.68         167.47         239.77         271.65         294.99          69.10          38.99          29.55
              8          88.05         177.52         242.93         263.24         298.70          64.29          37.90          29.31
              9          98.86         180.18         241.89         259.31         298.39          60.38          36.00          28.57
             10          97.52         189.05         243.66         267.13         294.36          58.87          34.67          28.17
             11         110.12         179.61         240.74         271.37         291.52          56.21          34.08          27.96
             12         112.42         198.81         243.98         266.07         292.07          54.36          33.97          27.53
             13         115.38         200.85         236.71         270.70         288.37          53.32          34.52          27.25
             14         115.85         197.45         229.54         278.22         286.24          51.74          34.03          27.09
             15         119.88         207.83         232.53         264.44         278.73          50.99          32.76          26.63
             16         126.99         207.03         238.40         269.46         280.07          50.21          32.06          26.62
             17         130.11         207.78         234.18         273.40         269.14          51.20          32.01          26.46
             18         134.41         209.96         240.75         265.08         266.24          51.20          32.87          25.94
             19         135.48         209.69         229.57         268.88         254.05          49.88          33.10          26.20

Output from main_q3
----------------
# Using device: Quadro RTX 6000
# stride     time [ms]   GB/sec
       1      1.3263     452.4
       2      3.3467     179.3
       3      5.3493     112.2
       4      6.7214      89.3
       5      8.8224      68.0
       6     10.2039      58.8
       7     12.2572      49.0
       8     13.0724      45.9
       9     15.5806      38.5
      10     16.4287      36.5
      11     18.3047      32.8
      12     19.1785      31.3
      13     20.6478      29.1
      14     20.8719      28.7
      15     22.1786      27.1
      16     21.0062      28.6
      17     23.5937      25.4
      18     23.3272      25.7
      19     25.2144      23.8
      20     24.5591      24.4
      21     25.9977      23.1
      22     25.7799      23.3
      23     28.1198      21.3
      24     26.7198      22.5
      25     28.9871      20.7
      26     27.7375      21.6
      27     30.0794      19.9
      28     28.6078      21.0
      29     31.0164      19.3
      30     29.5332      20.3
      31     31.4517      19.1
      32     28.4822      21.1
