The master node of this job is icmet01
This job runs on the following nodes:
icmet01
Starting at Sun May 29 05:24:58 UTC 2022
Running on hosts: icmet01
Running on 1 nodes.
Running on 4 processors.
Current working directory is /home/jelc/cme213-para/project

Output from code
----------------

* Mode 1 *
mpirun -np 4 /home/jelc/cme213-para/project/main -g 1
Number of MPI processes = 4
Number of CUDA devices = 4
num_neuron=100, reg=0.0001, learning_rate=0.0005, num_epochs=40, batch_size=800
Loading training data
Training data information:
Size of x_train, N =  60000
Size of label_train = 60000

Start Parallel Training
Time for Parallel Training: 6.56678 seconds
Precision on validation set for parallel training = 0.829167

Grading mode on. Now checking for correctness...

Max norm of diff b/w seq and par: W[0]: 1.70116e-07, b[0]: 5.94913e-07
l2  norm of diff b/w seq and par: W[0]: 1.94398e-07, b[0]: 5.46691e-07
Max norm of diff b/w seq and par: W[1]: 1.17969e-07, b[1]: 1.91096e-07
l2  norm of diff b/w seq and par: W[1]: 1.28121e-07, b[1]: 3.19289e-07

* Mode 2 *
mpirun -np 4 /home/jelc/cme213-para/project/main -g 2
Number of MPI processes = 4
Number of CUDA devices = 4
num_neuron=100, reg=0.0001, learning_rate=0.001, num_epochs=10, batch_size=800
Loading training data
Training data information:
Size of x_train, N =  60000
Size of label_train = 60000

Start Parallel Training
Time for Parallel Training: 2.03137 seconds
Precision on validation set for parallel training = 0.756

Grading mode on. Now checking for correctness...

Max norm of diff b/w seq and par: W[0]: 9.38252e-08, b[0]: 4.88653e-07
l2  norm of diff b/w seq and par: W[0]: 1.24224e-07, b[0]: 4.93021e-07
Max norm of diff b/w seq and par: W[1]: 1.25016e-07, b[1]: 2.44647e-07
l2  norm of diff b/w seq and par: W[1]: 1.29823e-07, b[1]: 2.64787e-07

* Mode 3 *
mpirun -np 4 /home/jelc/cme213-para/project/main -g 3
Number of MPI processes = 4
Number of CUDA devices = 4
num_neuron=100, reg=0.0001, learning_rate=0.002, num_epochs=1, batch_size=800
Loading training data
Training data information:
Size of x_train, N =  60000
Size of label_train = 60000

Start Parallel Training
Time for Parallel Training: 0.69288 seconds
Precision on validation set for parallel training = 0.463667

Grading mode on. Now checking for correctness...

Max norm of diff b/w seq and par: W[0]: 3.51234e-08, b[0]: 4.99454e-07
l2  norm of diff b/w seq and par: W[0]: 5.52722e-08, b[0]: 3.35433e-07
Max norm of diff b/w seq and par: W[1]: 6.38643e-08, b[1]: 2.24739e-07
l2  norm of diff b/w seq and par: W[1]: 7.04815e-08, b[1]: 1.90631e-07

*** Summary ***

2400           1.53398e-07    1.10093e-07    7.2467e-07     2.11298e-07    1.78773e-07    1.19611e-07    5.80142e-07    3.31577e-07    
600            8.47376e-08    1.16614e-07    5.15649e-07    3.36258e-07    1.14067e-07    1.21599e-07    4.57775e-07    3.02869e-07    
60             3.14038e-08    5.75192e-08    4.29061e-07    1.81094e-07    5.07014e-08    6.50482e-08    3.18311e-07    1.75393e-07    

*** Grading mode 4 ***

main -g 4
Number of MPI processes = 1
Number of CUDA devices = 4

Entering GEMM Benchmarking mode! Stand by.

Starting GEMM 1: M = 3200; N = 4000; K = 3136
GEMM matched with reference successfully! Rel diff = 1.00042e-07
Time for reference GEMM implementation: 0.0699666 seconds
Time for my GEMM implementation: 5.96169 seconds
Completed GEMM 1

Starting GEMM 2: M = 3200; N = 400; K = 4000
GEMM matched with reference successfully! Rel diff = 4.57243e-07
Time for reference GEMM implementation: 0.0081557 seconds
Time for my GEMM implementation: 0.780497 seconds
Completed GEMM 2

Starting GEMM 3: M = 3200; N = 40; K = 4000
GEMM matched with reference successfully! Rel diff = 7.29707e-07
Time for reference GEMM implementation: 0.00141059 seconds
Time for my GEMM implementation: 0.0979426 seconds
Completed GEMM 3

*** Tests are complete ***

