The master node of this job is icmet01
This job runs on the following nodes:
icmet01
Starting at Thu Jun  2 20:22:44 UTC 2022
Running on hosts: icmet01
Running on 1 nodes.
Running on 4 processors.
Current working directory is /home/jelc/cme213-para/project

Output from code
----------------

* Mode 1 *
mpirun -np 4 /home/jelc/cme213-para/project/main -g 1
Number of MPI processes = 4
Number of CUDA devices = 4
num_neuron=100, reg=0.0001, learning_rate=0.0005, num_epochs=40, batch_size=800
Loading training data
Training data information:
Size of x_train, N =  60000
Size of label_train = 60000

Start Parallel Training
Time for Parallel Training: 6.42023 seconds
Precision on validation set for parallel training = 0.829167

Grading mode on. Now checking for correctness...

Max norm of diff b/w seq and par: W[0]: 1.56601e-07, b[0]: 7.57162e-07
l2  norm of diff b/w seq and par: W[0]: 1.9601e-07, b[0]: 5.99051e-07
Max norm of diff b/w seq and par: W[1]: 1.21468e-07, b[1]: 2.49895e-07
l2  norm of diff b/w seq and par: W[1]: 1.36735e-07, b[1]: 3.48785e-07

* Mode 2 *
mpirun -np 4 /home/jelc/cme213-para/project/main -g 2
Number of MPI processes = 4
Number of CUDA devices = 4
num_neuron=100, reg=0.0001, learning_rate=0.001, num_epochs=10, batch_size=800
Loading training data
Training data information:
Size of x_train, N =  60000
Size of label_train = 60000

Start Parallel Training
Time for Parallel Training: 2.02608 seconds
Precision on validation set for parallel training = 0.756

Grading mode on. Now checking for correctness...

Max norm of diff b/w seq and par: W[0]: 8.61179e-08, b[0]: 4.88653e-07
l2  norm of diff b/w seq and par: W[0]: 1.19857e-07, b[0]: 4.78384e-07
Max norm of diff b/w seq and par: W[1]: 1.06189e-07, b[1]: 3.46583e-07
l2  norm of diff b/w seq and par: W[1]: 1.20444e-07, b[1]: 3.99079e-07

* Mode 3 *
mpirun -np 4 /home/jelc/cme213-para/project/main -g 3
Number of MPI processes = 4
Number of CUDA devices = 4
num_neuron=100, reg=0.0001, learning_rate=0.002, num_epochs=1, batch_size=800
Loading training data
Training data information:
Size of x_train, N =  60000
Size of label_train = 60000

Start Parallel Training
Time for Parallel Training: 0.693765 seconds
Precision on validation set for parallel training = 0.463667

Grading mode on. Now checking for correctness...

Max norm of diff b/w seq and par: W[0]: 3.24773e-08, b[0]: 4.6522e-07
l2  norm of diff b/w seq and par: W[0]: 5.29413e-08, b[0]: 3.26021e-07
Max norm of diff b/w seq and par: W[1]: 6.75418e-08, b[1]: 3.98031e-07
l2  norm of diff b/w seq and par: W[1]: 8.44548e-08, b[1]: 4.06797e-07

*** Summary ***

2400           1.40629e-07    1.18327e-07    7.2467e-07     2.99339e-07    1.75373e-07    1.29862e-07    6.5558e-07     3.47032e-07    
600            8.15076e-08    1.07635e-07    4.51193e-07    3.84295e-07    1.10606e-07    1.20636e-07    4.56391e-07    4.42755e-07    
60             2.96975e-08    6.49101e-08    3.95256e-07    3.56637e-07    4.95179e-08    8.258e-08      2.9221e-07     3.73856e-07    

*** Tests are complete ***

