terminate called after throwing an instance of 'terminate called after throwing an instance of 'std::out_of_range'
std::out_of_range'
  what():  Mat::cols(): indices out of bounds or incorrectly used
[icmet02:30401] *** Process received signal ***
[icmet02:30401] Signal: Aborted (6)
[icmet02:30401] Signal code:  (-6)
[icmet02:30401] [ 0] /lib/x86_64-linux-gnu/libc.so.6(+0x3ef10)[0x7f5452ce4f10]
[icmet02:30401] [ 1] /lib/x86_64-linux-gnu/libc.so.6(gsignal+0xc7)[0x7f5452ce4e87]
[icmet02:30401] [ 2] /lib/x86_64-linux-gnu/libc.so.6(abort+0x141)[0x7f5452ce67f1]
[icmet02:30401] [ 3] /usr/lib/x86_64-linux-gnu/libstdc++.so.6(+0x8c957)[0x7f54536d9957]
[icmet02:30401] [ 4] terminate called after throwing an instance of 'std::out_of_range'
  what():  Mat::cols(): indices out of bounds or incorrectly used
[icmet02:30402] *** Process received signal ***
[icmet02:30402] Signal: Aborted (6)
[icmet02:30402] Signal code:  (-6)
[icmet02:30402] [ 0] /lib/x86_64-linux-gnu/libc.so.6(+0x3ef10)[0x7f4593b01f10]
[icmet02:30402] [ 1] /lib/x86_64-linux-gnu/libc.so.6(gsignal+0xc7)[0x7f4593b01e87]
[icmet02:30402] [ 2] /lib/x86_64-linux-gnu/libc.so.6(abort+0x141)[0x7f4593b037f1]
[icmet02:30402] [ 3] /usr/lib/x86_64-linux-gnu/libstdc++.so.6(+0x8c957)[0x7f45944f6957]
[icmet02:30402] [ 4] /usr/lib/x86_64-linux-gnu/libstdc++.so.6(+0x92ae6)[0x7f45944fcae6]
[icmet02:30402] [ 5] /usr/lib/x86_64-linux-gnu/libstdc++.so.6(+0x92b21)[0x7f45944fcb21]
[icmet02:30402] [ 6] /usr/lib/x86_64-linux-gnu/libstdc++.so.6(+0x92d54)[0x7f45944fcd54]
[icmet02:30402] [ 7] /home/jelc/cme213-para/project/main(+0x4ef8)[0x560ea5291ef8]
[icmet02:30402] [ 8] /home/jelc/cme213-para/project/main(+0x18a1b)[0x560ea52a5a1b]
[icmet02:30402] [ 9] /home/jelc/cme213-para/project/main(+0x7e0c)[0x560ea5294e0c]
[icmet02:30402] [10] /lib/x86_64-linux-gnu/libc.so.6(__libc_start_main+0xe7)[0x7f4593ae4c87]
[icmet02:30402] [11] /home/jelc/cme213-para/project/main(+0xeaca)[0x560ea529baca]
[icmet02:30402] *** End of error message ***
  what():  Mat::cols(): indices out of bounds or incorrectly used
[icmet02:30403] *** Process received signal ***
[icmet02:30403] Signal: Aborted (6)
[icmet02:30403] Signal code:  (-6)
[icmet02:30403] [ 0] /lib/x86_64-linux-gnu/libc.so.6(+0x3ef10)[0x7f3df7dc9f10]
[icmet02:30403] [ 1] /lib/x86_64-linux-gnu/libc.so.6(gsignal+0xc7)[0x7f3df7dc9e87]
[icmet02:30403] [ 2] /lib/x86_64-linux-gnu/libc.so.6(abort+0x141)[0x7f3df7dcb7f1]
[icmet02:30403] [ 3] /usr/lib/x86_64-linux-gnu/libstdc++.so.6(+0x8c957)[0x7f3df87be957]
[icmet02:30403] [ 4] /usr/lib/x86_64-linux-gnu/libstdc++.so.6(+0x92ae6)[0x7f3df87c4ae6]
[icmet02:30403] [ 5] /usr/lib/x86_64-linux-gnu/libstdc++.so.6(+0x92b21)[0x7f3df87c4b21]
[icmet02:30403] /usr/lib/x86_64-linux-gnu/libstdc++.so.6(+0x92ae6)[0x7f54536dfae6]
[icmet02:30401] [ 5] [ 6] /usr/lib/x86_64-linux-gnu/libstdc++.so.6(+0x92b21)[0x7f54536dfb21]
/usr/lib/x86_64-linux-gnu/libstdc++.so.6(+0x92d54)[0x7f3df87c4d54]
[icmet02:30403] [ 7] /home/jelc/cme213-para/project/main(+0x4ef8)[0x55ab8e0f7ef8]
[icmet02:30403] [ 8] /home/jelc/cme213-para/project/main(+0x18a1b)[0x55ab8e10ba1b]
[icmet02:30403] [ 9] /home/jelc/cme213-para/project/main(+0x7e0c)[0x55ab8e0fae0c]
[icmet02:30403] [10] [icmet02:30401] /lib/x86_64-linux-gnu/libc.so.6(__libc_start_main+0xe7)[0x7f3df7dacc87]
[icmet02:30403] [11] /home/jelc/cme213-para/project/main(+0xeaca)[0x55ab8e101aca]
[icmet02:30403] *** End of error message ***
[ 6] /usr/lib/x86_64-linux-gnu/libstdc++.so.6(+0x92d54)[0x7f54536dfd54]
[icmet02:30401] [ 7] /home/jelc/cme213-para/project/main(+0x4ef8)[0x55d729a20ef8]
[icmet02:30401] [ 8] /home/jelc/cme213-para/project/main(+0x18a1b)[0x55d729a34a1b]
[icmet02:30401] [ 9] /home/jelc/cme213-para/project/main(+0x7e0c)[0x55d729a23e0c]
[icmet02:30401] [10] /lib/x86_64-linux-gnu/libc.so.6(__libc_start_main+0xe7)[0x7f5452cc7c87]
[icmet02:30401] [11] /home/jelc/cme213-para/project/main(+0xeaca)[0x55d729a2aaca]
[icmet02:30401] *** End of error message ***
utils/neural_network_util.cpp(@149): Loading from file /home/jelc/cme213-para/project/results//seq_epoch-W0-0-1.mat
utils/neural_network_util.cpp(@156): Loading from file /home/jelc/cme213-para/project/results//seq_epoch-W1-0-1.mat
utils/neural_network_util.cpp(@163): Loading from file /home/jelc/cme213-para/project/results//seq_epoch-b0-0-1.mat
utils/neural_network_util.cpp(@170): Loading from file /home/jelc/cme213-para/project/results//seq_epoch-b1-0-1.mat
--------------------------------------------------------------------------
Primary job  terminated normally, but 1 process returned
a non-zero exit code. Per user-direction, the job has been aborted.
--------------------------------------------------------------------------
--------------------------------------------------------------------------
mpirun noticed that process rank 3 with PID 30403 on node icmet02 exited on signal 6 (Aborted).
--------------------------------------------------------------------------
terminate called after throwing an instance of 'std::out_of_range'
  what():  Mat::cols(): indices out of bounds or incorrectly used
[icmet02:30459] *** Process received signal ***
[icmet02:30459] Signal: Aborted (6)
[icmet02:30459] Signal code:  (-6)
[icmet02:30459] [ 0] /lib/x86_64-linux-gnu/libc.so.6(+0x3ef10)[0x7f1fc4243f10]
[icmet02:30459] [ 1] /lib/x86_64-linux-gnu/libc.so.6(gsignal+0xc7)[0x7f1fc4243e87]
[icmet02:30459] [ 2] /lib/x86_64-linux-gnu/libc.so.6(abort+0x141)[0x7f1fc42457f1]
[icmet02:30459] [ 3] /usr/lib/x86_64-linux-gnu/libstdc++.so.6(+0x8c957)[0x7f1fc4c38957]
[icmet02:30459] [ 4] /usr/lib/x86_64-linux-gnu/libstdc++.so.6(+0x92ae6)[0x7f1fc4c3eae6]
[icmet02:30459] [ 5] /usr/lib/x86_64-linux-gnu/libstdc++.so.6(+0x92b21)[0x7f1fc4c3eb21]
[icmet02:30459] [ 6] /usr/lib/x86_64-linux-gnu/libstdc++.so.6(+0x92d54)[0x7f1fc4c3ed54]
[icmet02:30459] [ 7] /home/jelc/cme213-para/project/main(+0x4ef8)[0x56341ee90ef8]
[icmet02:30459] [ 8] /home/jelc/cme213-para/project/main(+0x18a1b)[0x56341eea4a1b]
[icmet02:30459] [ 9] /home/jelc/cme213-para/project/main(+0x7e0c)[0x56341ee93e0c]
[icmet02:30459] [10] /lib/x86_64-linux-gnu/libc.so.6(__libc_start_main+0xe7)[0x7f1fc4226c87]
[icmet02:30459] [11] /home/jelc/cme213-para/project/main(+0xeaca)[0x56341ee9aaca]
[icmet02:30459] *** End of error message ***
terminate called after throwing an instance of 'std::out_of_range'
  what():  Mat::cols(): indices out of bounds or incorrectly used
[icmet02:30460] *** Process received signal ***
[icmet02:30460] Signal: Aborted (6)
[icmet02:30460] Signal code:  (-6)
[icmet02:30460] [ 0] /lib/x86_64-linux-gnu/libc.so.6(+0x3ef10)[0x7f3cc7366f10]
[icmet02:30460] [ 1] /lib/x86_64-linux-gnu/libc.so.6(gsignal+0xc7)[0x7f3cc7366e87]
[icmet02:30460] [ 2] /lib/x86_64-linux-gnu/libc.so.6(abort+0x141)[0x7f3cc73687f1]
[icmet02:30460] [ 3] /usr/lib/x86_64-linux-gnu/libstdc++.so.6(+0x8c957)[0x7f3cc7d5b957]
[icmet02:30460] [ 4] /usr/lib/x86_64-linux-gnu/libstdc++.so.6(+0x92ae6)[0x7f3cc7d61ae6]
[icmet02:30460] [ 5] /usr/lib/x86_64-linux-gnu/libstdc++.so.6(+0x92b21)[0x7f3cc7d61b21]
[icmet02:30460] [ 6] /usr/lib/x86_64-linux-gnu/libstdc++.so.6(+0x92d54)[0x7f3cc7d61d54]
[icmet02:30460] [ 7] /home/jelc/cme213-para/project/main(+0x4ef8)[0x55b6646c4ef8]
[icmet02:30460] [ 8] /home/jelc/cme213-para/project/main(+0x18a1b)[0x55b6646d8a1b]
[icmet02:30460] [ 9] /home/jelc/cme213-para/project/main(+0x7e0c)[0x55b6646c7e0c]
[icmet02:30460] [10] /lib/x86_64-linux-gnu/libc.so.6(__libc_start_main+0xe7)[0x7f3cc7349c87]
[icmet02:30460] [11] /home/jelc/cme213-para/project/main(+0xeaca)[0x55b6646ceaca]
[icmet02:30460] *** End of error message ***
terminate called after throwing an instance of 'std::out_of_range'
  what():  Mat::cols(): indices out of bounds or incorrectly used
[icmet02:30458] *** Process received signal ***
[icmet02:30458] Signal: Aborted (6)
[icmet02:30458] Signal code:  (-6)
[icmet02:30458] [ 0] /lib/x86_64-linux-gnu/libc.so.6(+0x3ef10)[0x7fa2b4c02f10]
[icmet02:30458] [ 1] /lib/x86_64-linux-gnu/libc.so.6(gsignal+0xc7)[0x7fa2b4c02e87]
[icmet02:30458] [ 2] /lib/x86_64-linux-gnu/libc.so.6(abort+0x141)[0x7fa2b4c047f1]
[icmet02:30458] [ 3] /usr/lib/x86_64-linux-gnu/libstdc++.so.6(+0x8c957)[0x7fa2b55f7957]
[icmet02:30458] [ 4] /usr/lib/x86_64-linux-gnu/libstdc++.so.6(+0x92ae6)[0x7fa2b55fdae6]
[icmet02:30458] [ 5] /usr/lib/x86_64-linux-gnu/libstdc++.so.6(+0x92b21)[0x7fa2b55fdb21]
[icmet02:30458] [ 6] /usr/lib/x86_64-linux-gnu/libstdc++.so.6(+0x92d54)[0x7fa2b55fdd54]
[icmet02:30458] [ 7] /home/jelc/cme213-para/project/main(+0x4ef8)[0x56399c406ef8]
[icmet02:30458] [ 8] /home/jelc/cme213-para/project/main(+0x18a1b)[0x56399c41aa1b]
[icmet02:30458] [ 9] /home/jelc/cme213-para/project/main(+0x7e0c)[0x56399c409e0c]
[icmet02:30458] [10] /lib/x86_64-linux-gnu/libc.so.6(__libc_start_main+0xe7)[0x7fa2b4be5c87]
[icmet02:30458] [11] /home/jelc/cme213-para/project/main(+0xeaca)[0x56399c410aca]
[icmet02:30458] *** End of error message ***
utils/neural_network_util.cpp(@149): Loading from file /home/jelc/cme213-para/project/results//seq_epoch-W0-0-2.mat
utils/neural_network_util.cpp(@156): Loading from file /home/jelc/cme213-para/project/results//seq_epoch-W1-0-2.mat
utils/neural_network_util.cpp(@163): Loading from file /home/jelc/cme213-para/project/results//seq_epoch-b0-0-2.mat
utils/neural_network_util.cpp(@170): Loading from file /home/jelc/cme213-para/project/results//seq_epoch-b1-0-2.mat
--------------------------------------------------------------------------
Primary job  terminated normally, but 1 process returned
a non-zero exit code. Per user-direction, the job has been aborted.
--------------------------------------------------------------------------
--------------------------------------------------------------------------
mpirun noticed that process rank 3 with PID 30460 on node icmet02 exited on signal 6 (Aborted).
--------------------------------------------------------------------------
terminate called after throwing an instance of 'std::out_of_range'
  what():  Mat::cols(): indices out of bounds or incorrectly used
[icmet02:30491] *** Process received signal ***
[icmet02:30491] Signal: Aborted (6)
[icmet02:30491] Signal code:  (-6)
[icmet02:30491] [ 0] /lib/x86_64-linux-gnu/libc.so.6(+0x3ef10)[0x7f114bd3cf10]
[icmet02:30491] [ 1] /lib/x86_64-linux-gnu/libc.so.6(gsignal+0xc7)[0x7f114bd3ce87]
[icmet02:30491] [ 2] /lib/x86_64-linux-gnu/libc.so.6(abort+0x141)[0x7f114bd3e7f1]
[icmet02:30491] [ 3] /usr/lib/x86_64-linux-gnu/libstdc++.so.6(+0x8c957)[0x7f114c731957]
[icmet02:30491] [ 4] /usr/lib/x86_64-linux-gnu/libstdc++.so.6(+0x92ae6)[0x7f114c737ae6]
[icmet02:30491] [ 5] /usr/lib/x86_64-linux-gnu/libstdc++.so.6(+0x92b21)[0x7f114c737b21]
[icmet02:30491] [ 6] /usr/lib/x86_64-linux-gnu/libstdc++.so.6(+0x92d54)[0x7f114c737d54]
[icmet02:30491] [ 7] /home/jelc/cme213-para/project/main(+0x4ef8)[0x55f73ceadef8]
[icmet02:30491] [ 8] /home/jelc/cme213-para/project/main(+0x18a1b)[0x55f73cec1a1b]
[icmet02:30491] [ 9] /home/jelc/cme213-para/project/main(+0x7e0c)[0x55f73ceb0e0c]
[icmet02:30491] [10] /lib/x86_64-linux-gnu/libc.so.6(__libc_start_main+0xe7)[0x7f114bd1fc87]
[icmet02:30491] [11] /home/jelc/cme213-para/project/main(+0xeaca)[0x55f73ceb7aca]
[icmet02:30491] *** End of error message ***
utils/neural_network_util.cpp(@149): Loading from file /home/jelc/cme213-para/project/results//seq_epoch-W0-0-3.mat
terminate called after throwing an instance of 'std::out_of_range'
  what():  Mat::cols(): indices out of bounds or incorrectly used
[icmet02:30492] *** Process received signal ***
[icmet02:30492] Signal: Aborted (6)
[icmet02:30492] Signal code:  (-6)
[icmet02:30492] [ 0] /lib/x86_64-linux-gnu/libc.so.6(+0x3ef10)[0x7f531cceaf10]
[icmet02:30492] [ 1] /lib/x86_64-linux-gnu/libc.so.6(gsignal+0xc7)[0x7f531cceae87]
[icmet02:30492] [ 2] /lib/x86_64-linux-gnu/libc.so.6(abort+0x141)[0x7f531ccec7f1]
[icmet02:30492] [ 3] /usr/lib/x86_64-linux-gnu/libstdc++.so.6(+0x8c957)[0x7f531d6df957]
[icmet02:30492] [ 4] /usr/lib/x86_64-linux-gnu/libstdc++.so.6(+0x92ae6)[0x7f531d6e5ae6]
[icmet02:30492] [ 5] /usr/lib/x86_64-linux-gnu/libstdc++.so.6(+0x92b21)[0x7f531d6e5b21]
[icmet02:30492] [ 6] /usr/lib/x86_64-linux-gnu/libstdc++.so.6(+0x92d54)[0x7f531d6e5d54]
[icmet02:30492] [ 7] /home/jelc/cme213-para/project/main(+0x4ef8)[0x55efa0e19ef8]
[icmet02:30492] [ 8] /home/jelc/cme213-para/project/main(+0x18a1b)[0x55efa0e2da1b]
[icmet02:30492] [ 9] /home/jelc/cme213-para/project/main(+0x7e0c)[0x55efa0e1ce0c]
[icmet02:30492] [10] /lib/x86_64-linux-gnu/libc.so.6(__libc_start_main+0xe7)[0x7f531cccdc87]
[icmet02:30492] [11] /home/jelc/cme213-para/project/main(+0xeaca)[0x55efa0e23aca]
[icmet02:30492] *** End of error message ***
terminate called after throwing an instance of 'std::out_of_range'
  what():  Mat::cols(): indices out of bounds or incorrectly used
[icmet02:30490] *** Process received signal ***
[icmet02:30490] Signal: Aborted (6)
[icmet02:30490] Signal code:  (-6)
[icmet02:30490] [ 0] /lib/x86_64-linux-gnu/libc.so.6(+0x3ef10)[0x7f21e9092f10]
[icmet02:30490] [ 1] /lib/x86_64-linux-gnu/libc.so.6(gsignal+0xc7)[0x7f21e9092e87]
[icmet02:30490] [ 2] /lib/x86_64-linux-gnu/libc.so.6(abort+0x141)[0x7f21e90947f1]
[icmet02:30490] [ 3] /usr/lib/x86_64-linux-gnu/libstdc++.so.6(+0x8c957)[0x7f21e9a87957]
[icmet02:30490] [ 4] /usr/lib/x86_64-linux-gnu/libstdc++.so.6(+0x92ae6)[0x7f21e9a8dae6]
[icmet02:30490] [ 5] /usr/lib/x86_64-linux-gnu/libstdc++.so.6(+0x92b21)[0x7f21e9a8db21]
[icmet02:30490] [ 6] /usr/lib/x86_64-linux-gnu/libstdc++.so.6(+0x92d54)[0x7f21e9a8dd54]
[icmet02:30490] [ 7] /home/jelc/cme213-para/project/main(+0x4ef8)[0x55faa319eef8]
[icmet02:30490] [ 8] /home/jelc/cme213-para/project/main(+0x18a1b)[0x55faa31b2a1b]
[icmet02:30490] [ 9] /home/jelc/cme213-para/project/main(+0x7e0c)[0x55faa31a1e0c]
[icmet02:30490] [10] /lib/x86_64-linux-gnu/libc.so.6(__libc_start_main+0xe7)[0x7f21e9075c87]
[icmet02:30490] [11] /home/jelc/cme213-para/project/main(+0xeaca)[0x55faa31a8aca]
[icmet02:30490] *** End of error message ***
utils/neural_network_util.cpp(@156): Loading from file /home/jelc/cme213-para/project/results//seq_epoch-W1-0-3.mat
utils/neural_network_util.cpp(@163): Loading from file /home/jelc/cme213-para/project/results//seq_epoch-b0-0-3.mat
utils/neural_network_util.cpp(@170): Loading from file /home/jelc/cme213-para/project/results//seq_epoch-b1-0-3.mat
utils/neural_network_util.cpp(@149): Loading from file /home/jelc/cme213-para/project/results//seq_epoch-W0-15-3.mat
--------------------------------------------------------------------------
Primary job  terminated normally, but 1 process returned
a non-zero exit code. Per user-direction, the job has been aborted.
--------------------------------------------------------------------------
--------------------------------------------------------------------------
mpirun noticed that process rank 2 with PID 30491 on node icmet02 exited on signal 6 (Aborted).
--------------------------------------------------------------------------
