The master node of this job is icmet02
This job runs on the following nodes:
icmet02
Starting at Fri Jun  3 03:15:22 UTC 2022
Running on hosts: icmet02
Running on 1 nodes.
Running on 4 processors.
Current working directory is /home/jelc/cme213-para/project

Output from code
----------------
make: 'main' is up to date.
Number of MPI processes = 1
Number of CUDA devices = 4
num_neuron=100, reg=0.0001, learning_rate=0.002, num_epochs=1, batch_size=800
Loading training data
Training data information:
Size of x_train, N =  60000
Size of label_train = 60000

Start Parallel Training
==PROF== Connected to process 3636 (/home/jelc/cme213-para/project/main)
==PROF== Profiling "kernel_gemm_repmat" - 1: 0%....50%....100% - 14 passes
==PROF== Profiling "kernel_sigmoid" - 2: 0%....50%....100% - 14 passes
==PROF== Profiling "kernel_gemm_repmat" - 3: 0%....50%....100% - 14 passes
==PROF== Profiling "kernel_softmax" - 4: 0%....50%....100% - 14 passes
==PROF== Profiling "kernel_oop_matrix_addition" - 5: 0%....50%....100% - 14 passes
==PROF== Profiling "kernel_oop_gemm_t2" - 6: 0%....50%....100% - 14 passes
==PROF== Profiling "kernel_sum_matrix_rows" - 7: 0%....50%....100% - 14 passes
==PROF== Profiling "kernel_matrix_multiply_t1" - 8: 0%....50%....100% - 14 passes
==PROF== Profiling "kernel_matrix_scalar_addition" - 9: 0%....50%....100% - 14 passes
==PROF== Profiling "kernel_pointwise_three_matrix" - 10: 0%....50%....100% - 14 passes
==PROF== Profiling "kernel_oop_gemm_t2" - 11: 0%....50%....100% - 14 passes
==PROF== Profiling "kernel_sum_matrix_rows" - 12: 0%....50%....100% - 14 passes
==PROF== Profiling "kernel_gradient_descent" - 13: 0%....50%....100% - 14 passes
==PROF== Profiling "kernel_gradient_descent" - 14: 0%....50%....100% - 14 passes
==PROF== Profiling "kernel_gradient_descent" - 15: 0%....50%....100% - 14 passes
==PROF== Profiling "kernel_gradient_descent" - 16: 0%....50%....100% - 14 passes
==PROF== Profiling "kernel_gemm_repmat" - 17: 0%....50%....100% - 14 passes
==PROF== Profiling "kernel_sigmoid" - 18: 0%....50%....100% - 14 passes
==PROF== Profiling "kernel_gemm_repmat" - 19: 0%....50%....100% - 14 passes
==PROF== Profiling "kernel_softmax" - 20: 0%....50%....100% - 14 passes
==PROF== Profiling "kernel_oop_matrix_addition" - 21: 0%....50%....100% - 14 passes
==PROF== Profiling "kernel_oop_gemm_t2" - 22: 0%....50%....100% - 14 passes
==PROF== Profiling "kernel_sum_matrix_rows" - 23: 0%....50%....100% - 14 passes
==PROF== Profiling "kernel_matrix_multiply_t1" - 24: 0%....50%....100% - 14 passes
==PROF== Profiling "kernel_matrix_scalar_addition" - 25: 0%....50%....100% - 14 passes
==PROF== Profiling "kernel_pointwise_three_matrix" - 26: 0%....50%....100% - 14 passes
==PROF== Profiling "kernel_oop_gemm_t2" - 27: 0%....50%....100% - 14 passes
==PROF== Profiling "kernel_sum_matrix_rows" - 28: 0%....50%....100% - 14 passes
==PROF== Profiling "kernel_gradient_descent" - 29: 0%....50%....100% - 14 passes
==PROF== Profiling "kernel_gradient_descent" - 30: 0%....50%....100% - 14 passes
==PROF== Profiling "kernel_gradient_descent" - 31: 0%....50%....100% - 14 passes
==PROF== Profiling "kernel_gradient_descent" - 32: 0%....50%....100% - 14 passes
==PROF== Profiling "kernel_gemm_repmat" - 33: 0%....50%....100% - 14 passes
==PROF== Profiling "kernel_sigmoid" - 34: 0%....50%....100% - 14 passes
==PROF== Profiling "kernel_gemm_repmat" - 35: 0%....50%....100% - 14 passes
==PROF== Profiling "kernel_softmax" - 36: 0%....50%....100% - 14 passes
==PROF== Profiling "kernel_oop_matrix_addition" - 37: 0%....50%....100% - 14 passes
==PROF== Profiling "kernel_oop_gemm_t2" - 38: 0%....50%....100% - 14 passes
==PROF== Profiling "kernel_sum_matrix_rows" - 39: 0%....50%....100% - 14 passes
==PROF== Profiling "kernel_matrix_multiply_t1" - 40: 0%....50%....100% - 14 passes
==PROF== Profiling "kernel_matrix_scalar_addition" - 41: 0%....50%....100% - 14 passes
==PROF== Profiling "kernel_pointwise_three_matrix" - 42: 0%....50%....100% - 14 passes
==PROF== Profiling "kernel_oop_gemm_t2" - 43: 0%....50%....100% - 14 passes
==PROF== Profiling "kernel_sum_matrix_rows" - 44: 0%....50%....100% - 14 passes
==PROF== Profiling "kernel_gradient_descent" - 45: 0%....50%....100% - 14 passes
==PROF== Profiling "kernel_gradient_descent" - 46: 0%....50%....100% - 14 passes
==PROF== Profiling "kernel_gradient_descent" - 47: 0%....50%....100% - 14 passes
==PROF== Profiling "kernel_gradient_descent" - 48: 0%....50%....100% - 14 passes
==PROF== Profiling "kernel_gemm_repmat" - 49: 0%....50%....100% - 14 passes
==PROF== Profiling "kernel_sigmoid" - 50: 0%....50%....100% - 14 passes
==PROF== Profiling "kernel_gemm_repmat" - 51: 0%....50%....100% - 14 passes
==PROF== Profiling "kernel_softmax" - 52: 0%....50%....100% - 14 passes
==PROF== Profiling "kernel_oop_matrix_addition" - 53: 0%....50%....100% - 14 passes
==PROF== Profiling "kernel_oop_gemm_t2" - 54: 0%....50%....100% - 14 passes
==PROF== Profiling "kernel_sum_matrix_rows" - 55: 0%....50%....100% - 14 passes
==PROF== Profiling "kernel_matrix_multiply_t1" - 56: 0%....50%....100% - 14 passes
==PROF== Profiling "kernel_matrix_scalar_addition" - 57: 0%....50%....100% - 14 passes
==PROF== Profiling "kernel_pointwise_three_matrix" - 58: 0%....50%....100% - 14 passes
==PROF== Profiling "kernel_oop_gemm_t2" - 59: 0%....50%....100% - 14 passes
==PROF== Profiling "kernel_sum_matrix_rows" - 60: 0%....50%....100% - 14 passes
==PROF== Profiling "kernel_gradient_descent" - 61: 0%....50%....100% - 14 passes
==PROF== Profiling "kernel_gradient_descent" - 62: 0%....50%....100% - 14 passes
==PROF== Profiling "kernel_gradient_descent" - 63: 0%....50%....100% - 14 passes
==PROF== Profiling "kernel_gradient_descent" - 64: 0%....50%....100% - 14 passes
==PROF== Profiling "kernel_gemm_repmat" - 65: 0%....50%....100% - 14 passes
==PROF== Profiling "kernel_sigmoid" - 66: 0%....50%....100% - 14 passes
==PROF== Profiling "kernel_gemm_repmat" - 67: 0%....50%....100% - 14 passes
==PROF== Profiling "kernel_softmax" - 68: 0%....50%....100% - 14 passes
==PROF== Profiling "kernel_oop_matrix_addition" - 69: 0%....50%....100% - 14 passes
==PROF== Profiling "kernel_oop_gemm_t2" - 70: 0%....50%....100% - 14 passes
==PROF== Profiling "kernel_sum_matrix_rows" - 71: 0%....50%....100% - 14 passes
==PROF== Profiling "kernel_matrix_multiply_t1" - 72: 0%....50%....100% - 14 passes
==PROF== Profiling "kernel_matrix_scalar_addition" - 73: 0%....50%....100% - 14 passes
==PROF== Profiling "kernel_pointwise_three_matrix" - 74: 0%....50%....100% - 14 passes
==PROF== Profiling "kernel_oop_gemm_t2" - 75: 0%....50%....100% - 14 passes
==PROF== Profiling "kernel_sum_matrix_rows" - 76: 0%....50%....100% - 14 passes
==PROF== Profiling "kernel_gradient_descent" - 77: 0%....50%....100% - 14 passes
==PROF== Profiling "kernel_gradient_descent" - 78: 0%....50%....100% - 14 passes
==PROF== Profiling "kernel_gradient_descent" - 79: 0%....50%....100% - 14 passes
==PROF== Profiling "kernel_gradient_descent" - 80: 0%....50%....100% - 14 passes
==PROF== Profiling "kernel_gemm_repmat" - 81: 0%....50%....100% - 14 passes
==PROF== Profiling "kernel_sigmoid" - 82: 0%....50%....100% - 14 passes
==PROF== Profiling "kernel_gemm_repmat" - 83: 0%....50%....100% - 14 passes
==PROF== Profiling "kernel_softmax" - 84: 0%....50%....100% - 14 passes
==PROF== Profiling "kernel_oop_matrix_addition" - 85: 0%....50%....100% - 14 passes
==PROF== Profiling "kernel_oop_gemm_t2" - 86: 0%....50%....100% - 14 passes
==PROF== Profiling "kernel_sum_matrix_rows" - 87: 0%....50%....100% - 14 passes
==PROF== Profiling "kernel_matrix_multiply_t1" - 88: 0%....50%....100% - 14 passes
==PROF== Profiling "kernel_matrix_scalar_addition" - 89: 0%....50%....100% - 14 passes
==PROF== Profiling "kernel_pointwise_three_matrix" - 90: 0%....50%....100% - 14 passes
==PROF== Profiling "kernel_oop_gemm_t2" - 91: 0%....50%....100% - 14 passes
==PROF== Profiling "kernel_sum_matrix_rows" - 92: 0%....50%....100% - 14 passes
==PROF== Profiling "kernel_gradient_descent" - 93: 0%....50%....100% - 14 passes
==PROF== Profiling "kernel_gradient_descent" - 94: 0%....50%....100% - 14 passes
==PROF== Profiling "kernel_gradient_descent" - 95: 0%....50%....100% - 14 passes
==PROF== Profiling "kernel_gradient_descent" - 96: 0%....50%....100% - 14 passes
==PROF== Profiling "kernel_gemm_repmat" - 97: 0%....50%....100% - 14 passes
==PROF== Profiling "kernel_sigmoid" - 98: 0%....50%....100% - 14 passes
==PROF== Profiling "kernel_gemm_repmat" - 99: 0%....50%....100% - 14 passes
==PROF== Profiling "kernel_softmax" - 100: 0%....50%....100% - 14 passes
==PROF== Profiling "kernel_oop_matrix_addition" - 101: 0%....50%....100% - 14 passes
==PROF== Profiling "kernel_oop_gemm_t2" - 102: 0%....50%....100% - 14 passes
==PROF== Profiling "kernel_sum_matrix_rows" - 103: 0%....50%....100% - 14 passes
==PROF== Profiling "kernel_matrix_multiply_t1" - 104: 0%....50%....100% - 14 passes
==PROF== Profiling "kernel_matrix_scalar_addition" - 105: 0%....50%....100% - 14 passes
==PROF== Profiling "kernel_pointwise_three_matrix" - 106: 0%....50%....100% - 14 passes
==PROF== Profiling "kernel_oop_gemm_t2" - 107: 0%....50%....100% - 14 passes
==PROF== Profiling "kernel_sum_matrix_rows" - 108: 0%....50%....100% - 14 passes
==PROF== Profiling "kernel_gradient_descent" - 109: 0%....50%....100% - 14 passes
==PROF== Profiling "kernel_gradient_descent" - 110: 0%....50%....100% - 14 passes
==PROF== Profiling "kernel_gradient_descent" - 111: 0%....50%....100% - 14 passes
==PROF== Profiling "kernel_gradient_descent" - 112: 0%....50%....100% - 14 passes
==PROF== Profiling "kernel_gemm_repmat" - 113: 0%....50%....100% - 14 passes
==PROF== Profiling "kernel_sigmoid" - 114: 0%....50%....100% - 14 passes
==PROF== Profiling "kernel_gemm_repmat" - 115: 0%....50%....100% - 14 passes
==PROF== Profiling "kernel_softmax" - 116: 0%....50%....100% - 14 passes
==PROF== Profiling "kernel_oop_matrix_addition" - 117: 0%....50%....100% - 14 passes
==PROF== Profiling "kernel_oop_gemm_t2" - 118: 0%....50%....100% - 14 passes
==PROF== Profiling "kernel_sum_matrix_rows" - 119: 0%....50%....100% - 14 passes
==PROF== Profiling "kernel_matrix_multiply_t1" - 120: 0%....50%....100% - 14 passes
==PROF== Profiling "kernel_matrix_scalar_addition" - 121: 0%....50%....100% - 14 passes
==PROF== Profiling "kernel_pointwise_three_matrix" - 122: 0%....50%....100% - 14 passes
==PROF== Profiling "kernel_oop_gemm_t2" - 123: 0%....50%....100% - 14 passes
==PROF== Profiling "kernel_sum_matrix_rows" - 124: 0%....50%....100% - 14 passes
==PROF== Profiling "kernel_gradient_descent" - 125: 0%....50%....100% - 14 passes
==PROF== Profiling "kernel_gradient_descent" - 126: 0%....50%....100% - 14 passes
==PROF== Profiling "kernel_gradient_descent" - 127: 0%....50%....100% - 14 passes
==PROF== Profiling "kernel_gradient_descent" - 128: 0%....50%....100% - 14 passes
==PROF== Profiling "kernel_gemm_repmat" - 129: 0%....50%....100% - 14 passes
==PROF== Profiling "kernel_sigmoid" - 130: 0%....50%....100% - 14 passes
==PROF== Profiling "kernel_gemm_repmat" - 131: 0%....50%....100% - 14 passes
==PROF== Profiling "kernel_softmax" - 132: 0%....50%....100% - 14 passes
==PROF== Profiling "kernel_oop_matrix_addition" - 133: 0%....50%....100% - 14 passes
==PROF== Profiling "kernel_oop_gemm_t2" - 134: 0%....50%....100% - 14 passes
==PROF== Profiling "kernel_sum_matrix_rows" - 135: 0%....50%....100% - 14 passes
==PROF== Profiling "kernel_matrix_multiply_t1" - 136: 0%....50%....100% - 14 passes
==PROF== Profiling "kernel_matrix_scalar_addition" - 137: 0%....50%....100% - 14 passes
==PROF== Profiling "kernel_pointwise_three_matrix" - 138: 0%....50%....100% - 14 passes
==PROF== Profiling "kernel_oop_gemm_t2" - 139: 0%....50%....100% - 14 passes
==PROF== Profiling "kernel_sum_matrix_rows" - 140: 0%....50%....100% - 14 passes
==PROF== Profiling "kernel_gradient_descent" - 141: 0%....50%....100% - 14 passes
==PROF== Profiling "kernel_gradient_descent" - 142: 0%....50%....100% - 14 passes
==PROF== Profiling "kernel_gradient_descent" - 143: 0%....50%....100% - 14 passes
==PROF== Profiling "kernel_gradient_descent" - 144: 0%....50%....100% - 14 passes
==PROF== Profiling "kernel_gemm_repmat" - 145: 0%....50%....100% - 14 passes
==PROF== Profiling "kernel_sigmoid" - 146: 0%....50%....100% - 14 passes
==PROF== Profiling "kernel_gemm_repmat" - 147: 0%....50%....100% - 14 passes
==PROF== Profiling "kernel_softmax" - 148: 0%....50%....100% - 14 passes
==PROF== Profiling "kernel_oop_matrix_addition" - 149: 0%....50%....100% - 14 passes
==PROF== Profiling "kernel_oop_gemm_t2" - 150: 0%....50%....100% - 14 passes
==PROF== Profiling "kernel_sum_matrix_rows" - 151: 0%....50%....100% - 14 passes
==PROF== Profiling "kernel_matrix_multiply_t1" - 152: 0%....50%....100% - 14 passes
==PROF== Profiling "kernel_matrix_scalar_addition" - 153: 0%....50%....100% - 14 passes
==PROF== Profiling "kernel_pointwise_three_matrix" - 154: 0%....50%....100% - 14 passes
==PROF== Profiling "kernel_oop_gemm_t2" - 155: 0%....50%....100% - 14 passes
==PROF== Profiling "kernel_sum_matrix_rows" - 156: 0%....50%....100% - 14 passes
==PROF== Profiling "kernel_gradient_descent" - 157: 0%....50%....100% - 14 passes
==PROF== Profiling "kernel_gradient_descent" - 158: 0%....50%....100% - 14 passes
==PROF== Profiling "kernel_gradient_descent" - 159: 0%....50%....100% - 14 passes
==PROF== Profiling "kernel_gradient_descent" - 160: 0%....50%....100% - 14 passes
==PROF== Profiling "kernel_gemm_repmat" - 161: 0%....50%....100% - 14 passes
==PROF== Profiling "kernel_sigmoid" - 162: 0%....50%....100% - 14 passes
==PROF== Profiling "kernel_gemm_repmat" - 163: 0%....50%....100% - 14 passes
==PROF== Profiling "kernel_softmax" - 164: 0%....50%....100% - 14 passes
==PROF== Profiling "kernel_oop_matrix_addition" - 165: 0%....50%....100% - 14 passes
==PROF== Profiling "kernel_oop_gemm_t2" - 166: 0%....50%....100% - 14 passes
==PROF== Profiling "kernel_sum_matrix_rows" - 167: 0%....50%....100% - 14 passes
==PROF== Profiling "kernel_matrix_multiply_t1" - 168: 0%....50%....100% - 14 passes
==PROF== Profiling "kernel_matrix_scalar_addition" - 169: 0%....50%....100% - 14 passes
==PROF== Profiling "kernel_pointwise_three_matrix" - 170: 0%....50%....100% - 14 passes
==PROF== Profiling "kernel_oop_gemm_t2" - 171: 0%....50%....100% - 14 passes
==PROF== Profiling "kernel_sum_matrix_rows" - 172: 0%....50%....100% - 14 passes
==PROF== Profiling "kernel_gradient_descent" - 173: 0%....50%....100% - 14 passes
==PROF== Profiling "kernel_gradient_descent" - 174: 0%....50%....100% - 14 passes
==PROF== Profiling "kernel_gradient_descent" - 175: 0%....50%....100% - 14 passes
==PROF== Profiling "kernel_gradient_descent" - 176: 0%....50%....100% - 14 passes
==PROF== Profiling "kernel_gemm_repmat" - 177: 0%....50%....100% - 14 passes
==PROF== Profiling "kernel_sigmoid" - 178: 0%....50%....100% - 14 passes
==PROF== Profiling "kernel_gemm_repmat" - 179: 0%....50%....100% - 14 passes
==PROF== Profiling "kernel_softmax" - 180: 0%....50%....100% - 14 passes
==PROF== Profiling "kernel_oop_matrix_addition" - 181: 0%....50%....100% - 14 passes
==PROF== Profiling "kernel_oop_gemm_t2" - 182: 0%....50%....100% - 14 passes
==PROF== Profiling "kernel_sum_matrix_rows" - 183: 0%....50%....100% - 14 passes
==PROF== Profiling "kernel_matrix_multiply_t1" - 184: 0%....50%....100% - 14 passes
==PROF== Profiling "kernel_matrix_scalar_addition" - 185: 0%....50%....100% - 14 passes
==PROF== Profiling "kernel_pointwise_three_matrix" - 186: 0%....50%....100% - 14 passes
==PROF== Profiling "kernel_oop_gemm_t2" - 187: 0%....50%....100% - 14 passes
==PROF== Profiling "kernel_sum_matrix_rows" - 188: 0%....50%....100% - 14 passes
==PROF== Profiling "kernel_gradient_descent" - 189: 0%....50%....100% - 14 passes
==PROF== Profiling "kernel_gradient_descent" - 190: 0%....50%....100% - 14 passes
==PROF== Profiling "kernel_gradient_descent" - 191: 0%....50%....100% - 14 passes
==PROF== Profiling "kernel_gradient_descent" - 192: 0%....50%....100% - 14 passes
==PROF== Profiling "kernel_gemm_repmat" - 193: 0%....50%....100% - 14 passes
==PROF== Profiling "kernel_sigmoid" - 194: 0%....50%....100% - 14 passes
==PROF== Profiling "kernel_gemm_repmat" - 195: 0%....50%....100% - 14 passes
==PROF== Profiling "kernel_softmax" - 196: 0%....50%....100% - 14 passes
==PROF== Profiling "kernel_oop_matrix_addition" - 197: 0%....50%....100% - 14 passes
==PROF== Profiling "kernel_oop_gemm_t2" - 198: 0%....50%....100% - 14 passes
==PROF== Profiling "kernel_sum_matrix_rows" - 199: 0%....50%....100% - 14 passes
==PROF== Profiling "kernel_matrix_multiply_t1" - 200: 0%....50%....100% - 14 passes
==PROF== Profiling "kernel_matrix_scalar_addition" - 201: 0%....50%....100% - 14 passes
==PROF== Profiling "kernel_pointwise_three_matrix" - 202: 0%....50%....100% - 14 passes
==PROF== Profiling "kernel_oop_gemm_t2" - 203: 0%....50%....100% - 14 passes
==PROF== Profiling "kernel_sum_matrix_rows" - 204: 0%....50%....100% - 14 passes
==PROF== Profiling "kernel_gradient_descent" - 205: 0%....50%....100% - 14 passes
==PROF== Profiling "kernel_gradient_descent" - 206: 0%....50%....100% - 14 passes
==PROF== Profiling "kernel_gradient_descent" - 207: 0%....50%....100% - 14 passes
==PROF== Profiling "kernel_gradient_descent" - 208: 0%....50%....100% - 14 passes
==PROF== Profiling "kernel_gemm_repmat" - 209: 0%....50%....100% - 14 passes
==PROF== Profiling "kernel_sigmoid" - 210: 0%....50%....100% - 14 passes
==PROF== Profiling "kernel_gemm_repmat" - 211: 0%....50%....100% - 14 passes
==PROF== Profiling "kernel_softmax" - 212: 0%....50%....100% - 14 passes
==PROF== Profiling "kernel_oop_matrix_addition" - 213: 0%....50%....100% - 14 passes
==PROF== Profiling "kernel_oop_gemm_t2" - 214: 0%....50%....100% - 14 passes
==PROF== Profiling "kernel_sum_matrix_rows" - 215: 0%....50%....100% - 14 passes
==PROF== Profiling "kernel_matrix_multiply_t1" - 216: 0%....50%....100% - 14 passes
==PROF== Profiling "kernel_matrix_scalar_addition" - 217: 0%....50%....100% - 14 passes
==PROF== Profiling "kernel_pointwise_three_matrix" - 218: 0%....50%....100% - 14 passes
==PROF== Profiling "kernel_oop_gemm_t2" - 219: 0%....50%....100% - 14 passes
==PROF== Profiling "kernel_sum_matrix_rows" - 220: 0%....50%....100% - 14 passes
==PROF== Profiling "kernel_gradient_descent" - 221: 0%....50%....100% - 14 passes
==PROF== Profiling "kernel_gradient_descent" - 222: 0%....50%....100% - 14 passes
==PROF== Profiling "kernel_gradient_descent" - 223: 0%....50%....100% - 14 passes
==PROF== Profiling "kernel_gradient_descent" - 224: 0%....50%....100% - 14 passes
==PROF== Profiling "kernel_gemm_repmat" - 225: 0%....50%....100% - 14 passes
==PROF== Profiling "kernel_sigmoid" - 226: 0%....50%....100% - 14 passes
==PROF== Profiling "kernel_gemm_repmat" - 227: 0%....50%....100% - 14 passes
==PROF== Profiling "kernel_softmax" - 228: 0%....50%....100% - 14 passes
==PROF== Profiling "kernel_oop_matrix_addition" - 229: 0%....50%....100% - 14 passes
==PROF== Profiling "kernel_oop_gemm_t2" - 230: 0%....50%....100% - 14 passes
==PROF== Profiling "kernel_sum_matrix_rows" - 231: 0%....50%....100% - 14 passes
==PROF== Profiling "kernel_matrix_multiply_t1" - 232: 0%....50%....100% - 14 passes
==PROF== Profiling "kernel_matrix_scalar_addition" - 233: 0%....50%....100% - 14 passes
==PROF== Profiling "kernel_pointwise_three_matrix" - 234: 0%....50%....100% - 14 passes
==PROF== Profiling "kernel_oop_gemm_t2" - 235: 0%....50%....100% - 14 passes
==PROF== Profiling "kernel_sum_matrix_rows" - 236: 0%....50%....100% - 14 passes
==PROF== Profiling "kernel_gradient_descent" - 237: 0%....50%....100% - 14 passes
==PROF== Profiling "kernel_gradient_descent" - 238: 0%....50%....100% - 14 passes
==PROF== Profiling "kernel_gradient_descent" - 239: 0%....50%....100% - 14 passes
==PROF== Profiling "kernel_gradient_descent" - 240: 0%....50%....100% - 14 passes
==PROF== Profiling "kernel_gemm_repmat" - 241: 0%....50%....100% - 14 passes
==PROF== Profiling "kernel_sigmoid" - 242: 0%....50%....100% - 14 passes
==PROF== Profiling "kernel_gemm_repmat" - 243: 0%....50%....100% - 14 passes
==PROF== Profiling "kernel_softmax" - 244: 0%....50%....100% - 14 passes
==PROF== Profiling "kernel_oop_matrix_addition" - 245: 0%....50%....100% - 14 passes
==PROF== Profiling "kernel_oop_gemm_t2" - 246: 0%....50%....100% - 14 passes
==PROF== Profiling "kernel_sum_matrix_rows" - 247: 0%....50%....100% - 14 passes
==PROF== Profiling "kernel_matrix_multiply_t1" - 248: 0%....50%....100% - 14 passes
==PROF== Profiling "kernel_matrix_scalar_addition" - 249: 0%....50%....100% - 14 passes
==PROF== Profiling "kernel_pointwise_three_matrix" - 250: 0%....50%....100% - 14 passes
==PROF== Profiling "kernel_oop_gemm_t2" - 251: 0%....50%....100% - 14 passes
==PROF== Profiling "kernel_sum_matrix_rows" - 252: 0%....50%....100% - 14 passes
==PROF== Profiling "kernel_gradient_descent" - 253: 0%....50%....100% - 14 passes
==PROF== Profiling "kernel_gradient_descent" - 254: 0%....50%....100% - 14 passes
==PROF== Profiling "kernel_gradient_descent" - 255: 0%....50%....100% - 14 passes
==PROF== Profiling "kernel_gradient_descent" - 256: 0%....50%....100% - 14 passes
==PROF== Profiling "kernel_gemm_repmat" - 257: 0%....50%....100% - 14 passes
==PROF== Profiling "kernel_sigmoid" - 258: 0%....50%....100% - 14 passes
==PROF== Profiling "kernel_gemm_repmat" - 259: 0%....50%....100% - 14 passes
==PROF== Profiling "kernel_softmax" - 260: 0%....50%....100% - 14 passes
==PROF== Profiling "kernel_oop_matrix_addition" - 261: 0%....50%....100% - 14 passes
==PROF== Profiling "kernel_oop_gemm_t2" - 262: 0%....50%....100% - 14 passes
==PROF== Profiling "kernel_sum_matrix_rows" - 263: 0%....50%....100% - 14 passes
==PROF== Profiling "kernel_matrix_multiply_t1" - 264: 0%....50%....100% - 14 passes
==PROF== Profiling "kernel_matrix_scalar_addition" - 265: 0%....50%....100% - 14 passes
==PROF== Profiling "kernel_pointwise_three_matrix" - 266: 0%....50%....100% - 14 passes
==PROF== Profiling "kernel_oop_gemm_t2" - 267: 0%....50%....100% - 14 passes
==PROF== Profiling "kernel_sum_matrix_rows" - 268: 0%....50%....100% - 14 passes
==PROF== Profiling "kernel_gradient_descent" - 269: 0%....50%....100% - 14 passes
==PROF== Profiling "kernel_gradient_descent" - 270: 0%....50%....100% - 14 passes
==PROF== Profiling "kernel_gradient_descent" - 271: 0%....50%....100% - 14 passes
==PROF== Profiling "kernel_gradient_descent" - 272: 0%....50%....100% - 14 passes
==PROF== Profiling "kernel_gemm_repmat" - 273: 0%....50%....100% - 14 passes
==PROF== Profiling "kernel_sigmoid" - 274: 0%....50%....100% - 14 passes
==PROF== Profiling "kernel_gemm_repmat" - 275: 0%....50%....100% - 14 passes
==PROF== Profiling "kernel_softmax" - 276: 0%....50%....100% - 14 passes
==PROF== Profiling "kernel_oop_matrix_addition" - 277: 0%....50%....100% - 14 passes
==PROF== Profiling "kernel_oop_gemm_t2" - 278: 0%....50%....100% - 14 passes
==PROF== Profiling "kernel_sum_matrix_rows" - 279: 0%....50%....100% - 14 passes
==PROF== Profiling "kernel_matrix_multiply_t1" - 280: 0%....50%....100% - 14 passes
==PROF== Profiling "kernel_matrix_scalar_addition" - 281: 0%....50%....100% - 14 passes
==PROF== Profiling "kernel_pointwise_three_matrix" - 282: 0%....50%....100% - 14 passes
==PROF== Profiling "kernel_oop_gemm_t2" - 283: 0%....50%....100% - 14 passes
==PROF== Profiling "kernel_sum_matrix_rows" - 284: 0%....50%....100% - 14 passes
==PROF== Profiling "kernel_gradient_descent" - 285: 0%....50%....100% - 14 passes
==PROF== Profiling "kernel_gradient_descent" - 286: 0%....50%....100% - 14 passes
==PROF== Profiling "kernel_gradient_descent" - 287: 0%....50%....100% - 14 passes
==PROF== Profiling "kernel_gradient_descent" - 288: 0%....50%....100% - 14 passes
==PROF== Profiling "kernel_gemm_repmat" - 289: 0%....50%....100% - 14 passes
==PROF== Profiling "kernel_sigmoid" - 290: 0%....50%....100% - 14 passes
==PROF== Profiling "kernel_gemm_repmat" - 291: 0%....50%....100% - 14 passes
==PROF== Profiling "kernel_softmax" - 292: 0%....50%....100% - 14 passes
==PROF== Profiling "kernel_oop_matrix_addition" - 293: 0%....50%....100% - 14 passes
==PROF== Profiling "kernel_oop_gemm_t2" - 294: 0%....50%....100% - 14 passes
==PROF== Profiling "kernel_sum_matrix_rows" - 295: 0%....50%....100% - 14 passes
==PROF== Profiling "kernel_matrix_multiply_t1" - 296: 0%....50%....100% - 14 passes
==PROF== Profiling "kernel_matrix_scalar_addition" - 297: 0%....50%....100% - 14 passes
==PROF== Profiling "kernel_pointwise_three_matrix" - 298: 0%....50%....100% - 14 passes
==PROF== Profiling "kernel_oop_gemm_t2" - 299: 0%....50%....100% - 14 passes
==PROF== Profiling "kernel_sum_matrix_rows" - 300: 0%....50%....100% - 14 passes
==PROF== Profiling "kernel_gradient_descent" - 301: 0%....50%....100% - 14 passes
==PROF== Profiling "kernel_gradient_descent" - 302: 0%....50%....100% - 14 passes
==PROF== Profiling "kernel_gradient_descent" - 303: 0%....50%....100% - 14 passes
==PROF== Profiling "kernel_gradient_descent" - 304: 0%....50%....100% - 14 passes
==PROF== Profiling "kernel_gemm_repmat" - 305: 0%....50%....100% - 14 passes
==PROF== Profiling "kernel_sigmoid" - 306: 0%....50%....100% - 14 passes
==PROF== Profiling "kernel_gemm_repmat" - 307: 0%....50%....100% - 14 passes
==PROF== Profiling "kernel_softmax" - 308: 0%....50%....100% - 14 passes
==PROF== Profiling "kernel_oop_matrix_addition" - 309: 0%....50%....100% - 14 passes
==PROF== Profiling "kernel_oop_gemm_t2" - 310: 0%....50%....100% - 14 passes
==PROF== Profiling "kernel_sum_matrix_rows" - 311: 0%....50%....100% - 14 passes
==PROF== Profiling "kernel_matrix_multiply_t1" - 312: 0%....50%....100% - 14 passes
==PROF== Profiling "kernel_matrix_scalar_addition" - 313: 0%....50%....100% - 14 passes
==PROF== Profiling "kernel_pointwise_three_matrix" - 314: 0%....50%....100% - 14 passes
==PROF== Profiling "kernel_oop_gemm_t2" - 315: 0%....50%....100% - 14 passes
==PROF== Profiling "kernel_sum_matrix_rows" - 316: 0%....50%....100% - 14 passes
==PROF== Profiling "kernel_gradient_descent" - 317: 0%....50%....100% - 14 passes
==PROF== Profiling "kernel_gradient_descent" - 318: 0%....50%....100% - 14 passes
==PROF== Profiling "kernel_gradient_descent" - 319: 0%....50%....100% - 14 passes
==PROF== Profiling "kernel_gradient_descent" - 320: 0%....50%....100% - 14 passes
==PROF== Profiling "kernel_gemm_repmat" - 321: 0%....50%....100% - 14 passes
==PROF== Profiling "kernel_sigmoid" - 322: 0%....50%....100% - 14 passes
==PROF== Profiling "kernel_gemm_repmat" - 323: 0%....50%....100% - 14 passes
==PROF== Profiling "kernel_softmax" - 324: 0%....50%....100% - 14 passes
==PROF== Profiling "kernel_oop_matrix_addition" - 325: 0%....50%....100% - 14 passes
==PROF== Profiling "kernel_oop_gemm_t2" - 326: 0%....50%....100% - 14 passes
==PROF== Profiling "kernel_sum_matrix_rows" - 327: 0%....50%....100% - 14 passes
==PROF== Profiling "kernel_matrix_multiply_t1" - 328: 0%....50%....100% - 14 passes
==PROF== Profiling "kernel_matrix_scalar_addition" - 329: 0%....50%....100% - 14 passes
==PROF== Profiling "kernel_pointwise_three_matrix" - 330: 0%....50%....100% - 14 passes
==PROF== Profiling "kernel_oop_gemm_t2" - 331: 0%....50%....100% - 14 passes
==PROF== Profiling "kernel_sum_matrix_rows" - 332: 0%....50%....100% - 14 passes
==PROF== Profiling "kernel_gradient_descent" - 333: 0%....50%....100% - 14 passes
==PROF== Profiling "kernel_gradient_descent" - 334: 0%....50%....100% - 14 passes
==PROF== Profiling "kernel_gradient_descent" - 335: 0%....50%....100% - 14 passes
==PROF== Profiling "kernel_gradient_descent" - 336: 0%....50%....100% - 14 passes
==PROF== Profiling "kernel_gemm_repmat" - 337: 0%....50%....100% - 14 passes
==PROF== Profiling "kernel_sigmoid" - 338: 0%....50%....100% - 14 passes
==PROF== Profiling "kernel_gemm_repmat" - 339: 0%....50%....100% - 14 passes
==PROF== Profiling "kernel_softmax" - 340: 0%....50%....100% - 14 passes
==PROF== Profiling "kernel_oop_matrix_addition" - 341: 0%....50%....100% - 14 passes
==PROF== Profiling "kernel_oop_gemm_t2" - 342: 0%....50%....100% - 14 passes
==PROF== Profiling "kernel_sum_matrix_rows" - 343: 0%....50%....100% - 14 passes
==PROF== Profiling "kernel_matrix_multiply_t1" - 344: 0%....50%....100% - 14 passes
==PROF== Profiling "kernel_matrix_scalar_addition" - 345: 0%....50%....100% - 14 passes
==PROF== Profiling "kernel_pointwise_three_matrix" - 346: 0%....50%....100% - 14 passes
==PROF== Profiling "kernel_oop_gemm_t2" - 347: 0%....50%....100% - 14 passes
==PROF== Profiling "kernel_sum_matrix_rows" - 348: 0%....50%....100% - 14 passes
==PROF== Profiling "kernel_gradient_descent" - 349: 0%....50%....100% - 14 passes
==PROF== Profiling "kernel_gradient_descent" - 350: 0%....50%....100% - 14 passes
==PROF== Profiling "kernel_gradient_descent" - 351: 0%....50%....100% - 14 passes
==PROF== Profiling "kernel_gradient_descent" - 352: 0%....50%....100% - 14 passes
==PROF== Profiling "kernel_gemm_repmat" - 353: 0%....50%....100% - 14 passes
==PROF== Profiling "kernel_sigmoid" - 354: 0%....50%....100% - 14 passes
==PROF== Profiling "kernel_gemm_repmat" - 355: 0%....50%....100% - 14 passes
==PROF== Profiling "kernel_softmax" - 356: 0%....50%....100% - 14 passes
==PROF== Profiling "kernel_oop_matrix_addition" - 357: 0%....50%....100% - 14 passes
==PROF== Profiling "kernel_oop_gemm_t2" - 358: 0%....50%....100% - 14 passes
==PROF== Profiling "kernel_sum_matrix_rows" - 359: 0%....50%....100% - 14 passes
==PROF== Profiling "kernel_matrix_multiply_t1" - 360: 0%....50%....100% - 14 passes
==PROF== Profiling "kernel_matrix_scalar_addition" - 361: 0%....50%....100% - 14 passes
==PROF== Profiling "kernel_pointwise_three_matrix" - 362: 0%....50%....100% - 14 passes
==PROF== Profiling "kernel_oop_gemm_t2" - 363: 0%....50%....100% - 14 passes
==PROF== Profiling "kernel_sum_matrix_rows" - 364: 0%....50%....100% - 14 passes
==PROF== Profiling "kernel_gradient_descent" - 365: 0%....50%....100% - 14 passes
==PROF== Profiling "kernel_gradient_descent" - 366: 0%....50%....100% - 14 passes
==PROF== Profiling "kernel_gradient_descent" - 367: 0%....50%....100% - 14 passes
==PROF== Profiling "kernel_gradient_descent" - 368: 0%....50%....100% - 14 passes
==PROF== Profiling "kernel_gemm_repmat" - 369: 0%....50%....100% - 14 passes
==PROF== Profiling "kernel_sigmoid" - 370: 0%....50%....100% - 14 passes
==PROF== Profiling "kernel_gemm_repmat" - 371: 0%....50%....100% - 14 passes
==PROF== Profiling "kernel_softmax" - 372: 0%....50%....100% - 14 passes
==PROF== Profiling "kernel_oop_matrix_addition" - 373: 0%....50%....100% - 14 passes
==PROF== Profiling "kernel_oop_gemm_t2" - 374: 0%....50%....100% - 14 passes
==PROF== Profiling "kernel_sum_matrix_rows" - 375: 0%....50%....100% - 14 passes
==PROF== Profiling "kernel_matrix_multiply_t1" - 376: 0%....50%....100% - 14 passes
==PROF== Profiling "kernel_matrix_scalar_addition" - 377: 0%....50%....100% - 14 passes
==PROF== Profiling "kernel_pointwise_three_matrix" - 378: 0%....50%....100% - 14 passes
==PROF== Profiling "kernel_oop_gemm_t2" - 379: 0%....50%....100% - 14 passes
==PROF== Profiling "kernel_sum_matrix_rows" - 380: 0%....50%....100% - 14 passes
==PROF== Profiling "kernel_gradient_descent" - 381: 0%....50%....100% - 14 passes
==PROF== Profiling "kernel_gradient_descent" - 382: 0%....50%....100% - 14 passes
==PROF== Profiling "kernel_gradient_descent" - 383: 0%....50%....100% - 14 passes
==PROF== Profiling "kernel_gradient_descent" - 384: 0%....50%....100% - 14 passes
==PROF== Profiling "kernel_gemm_repmat" - 385: 0%....50%....100% - 14 passes
==PROF== Profiling "kernel_sigmoid" - 386: 0%....50%....100% - 14 passes
==PROF== Profiling "kernel_gemm_repmat" - 387: 0%....50%....100% - 14 passes
==PROF== Profiling "kernel_softmax" - 388: 0%....50%....100% - 14 passes
==PROF== Profiling "kernel_oop_matrix_addition" - 389: 0%....50%....100% - 14 passes
==PROF== Profiling "kernel_oop_gemm_t2" - 390: 0%....50%....100% - 14 passes
==PROF== Profiling "kernel_sum_matrix_rows" - 391: 0%....50%....100% - 14 passes
==PROF== Profiling "kernel_matrix_multiply_t1" - 392: 0%....50%....100% - 14 passes
==PROF== Profiling "kernel_matrix_scalar_addition" - 393: 0%....50%....100% - 14 passes
==PROF== Profiling "kernel_pointwise_three_matrix" - 394: 0%....50%....100% - 14 passes
==PROF== Profiling "kernel_oop_gemm_t2" - 395: 0%....50%....100% - 14 passes
==PROF== Profiling "kernel_sum_matrix_rows" - 396: 0%....50%....100% - 14 passes
==PROF== Profiling "kernel_gradient_descent" - 397: 0%....50%....100% - 14 passes
==PROF== Profiling "kernel_gradient_descent" - 398: 0%....50%....100% - 14 passes
==PROF== Profiling "kernel_gradient_descent" - 399: 0%....50%....100% - 14 passes
==PROF== Profiling "kernel_gradient_descent" - 400: 0%....50%....100% - 14 passes
==PROF== Profiling "kernel_gemm_repmat" - 401: 0%....50%....100% - 14 passes
==PROF== Profiling "kernel_sigmoid" - 402: 0%....50%....100% - 14 passes
==PROF== Profiling "kernel_gemm_repmat" - 403: 0%....50%....100% - 14 passes
==PROF== Profiling "kernel_softmax" - 404: 0%....50%....100% - 14 passes
==PROF== Profiling "kernel_oop_matrix_addition" - 405: 0%....50%....100% - 14 passes
==PROF== Profiling "kernel_oop_gemm_t2" - 406: 0%....50%....100% - 14 passes
==PROF== Profiling "kernel_sum_matrix_rows" - 407: 0%....50%....100% - 14 passes
==PROF== Profiling "kernel_matrix_multiply_t1" - 408: 0%....50%....100% - 14 passes
==PROF== Profiling "kernel_matrix_scalar_addition" - 409: 0%....50%....100% - 14 passes
==PROF== Profiling "kernel_pointwise_three_matrix" - 410: 0%....50%....100% - 14 passes
==PROF== Profiling "kernel_oop_gemm_t2" - 411: 0%....50%....100% - 14 passes
==PROF== Profiling "kernel_sum_matrix_rows" - 412: 0%....50%....100% - 14 passes
==PROF== Profiling "kernel_gradient_descent" - 413: 0%....50%....100% - 14 passes
==PROF== Profiling "kernel_gradient_descent" - 414: 0%....50%....100% - 14 passes
==PROF== Profiling "kernel_gradient_descent" - 415: 0%....50%....100% - 14 passes
==PROF== Profiling "kernel_gradient_descent" - 416: 0%....50%....100% - 14 passes
==PROF== Profiling "kernel_gemm_repmat" - 417: 0%....50%....100% - 14 passes
==PROF== Profiling "kernel_sigmoid" - 418: 0%....50%....100% - 14 passes
==PROF== Profiling "kernel_gemm_repmat" - 419: 0%....50%....100% - 14 passes
==PROF== Profiling "kernel_softmax" - 420: 0%....50%....100% - 14 passes
==PROF== Profiling "kernel_oop_matrix_addition" - 421: 0%....50%....100% - 14 passes
==PROF== Profiling "kernel_oop_gemm_t2" - 422: 0%....50%....100% - 14 passes
==PROF== Profiling "kernel_sum_matrix_rows" - 423: 0%....50%....100% - 14 passes
==PROF== Profiling "kernel_matrix_multiply_t1" - 424: 0%....50%....100% - 14 passes
==PROF== Profiling "kernel_matrix_scalar_addition" - 425: 0%....50%....100% - 14 passes
==PROF== Profiling "kernel_pointwise_three_matrix" - 426: 0%....50%....100% - 14 passes
==PROF== Profiling "kernel_oop_gemm_t2" - 427: 0%....50%....100% - 14 passes
==PROF== Profiling "kernel_sum_matrix_rows" - 428: 0%....50%....100% - 14 passes
==PROF== Profiling "kernel_gradient_descent" - 429: 0%....50%....100% - 14 passes
==PROF== Profiling "kernel_gradient_descent" - 430: 0%....50%....100% - 14 passes
==PROF== Profiling "kernel_gradient_descent" - 431: 0%....50%....100% - 14 passes
==PROF== Profiling "kernel_gradient_descent" - 432: 0%....50%....100% - 14 passes
==PROF== Profiling "kernel_gemm_repmat" - 433: 0%....50%....100% - 14 passes
==PROF== Profiling "kernel_sigmoid" - 434: 0%....50%....100% - 14 passes
==PROF== Profiling "kernel_gemm_repmat" - 435: 0%....50%....100% - 14 passes
==PROF== Profiling "kernel_softmax" - 436: 0%....50%....100% - 14 passes
==PROF== Profiling "kernel_oop_matrix_addition" - 437: 0%....50%....100% - 14 passes
==PROF== Profiling "kernel_oop_gemm_t2" - 438: 0%....50%....100% - 14 passes
==PROF== Profiling "kernel_sum_matrix_rows" - 439: 0%....50%....100% - 14 passes
==PROF== Profiling "kernel_matrix_multiply_t1" - 440: 0%....50%....100% - 14 passes
==PROF== Profiling "kernel_matrix_scalar_addition" - 441: 0%....50%....100% - 14 passes
==PROF== Profiling "kernel_pointwise_three_matrix" - 442: 0%....50%....100% - 14 passes
==PROF== Profiling "kernel_oop_gemm_t2" - 443: 0%....50%....100% - 14 passes
==PROF== Profiling "kernel_sum_matrix_rows" - 444: 0%....50%....100% - 14 passes
==PROF== Profiling "kernel_gradient_descent" - 445: 0%....50%....100% - 14 passes
==PROF== Profiling "kernel_gradient_descent" - 446: 0%....50%....100% - 14 passes
==PROF== Profiling "kernel_gradient_descent" - 447: 0%....50%....100% - 14 passes
==PROF== Profiling "kernel_gradient_descent" - 448: 0%....50%....100% - 14 passes
==PROF== Profiling "kernel_gemm_repmat" - 449: 0%....50%....100% - 14 passes
==PROF== Profiling "kernel_sigmoid" - 450: 0%....50%....100% - 14 passes
==PROF== Profiling "kernel_gemm_repmat" - 451: 0%....50%....100% - 14 passes
==PROF== Profiling "kernel_softmax" - 452: 0%....50%....100% - 14 passes
==PROF== Profiling "kernel_oop_matrix_addition" - 453: 0%....50%....100% - 14 passes
==PROF== Profiling "kernel_oop_gemm_t2" - 454: 0%....50%....100% - 14 passes
==PROF== Profiling "kernel_sum_matrix_rows" - 455: 0%....50%....100% - 14 passes
==PROF== Profiling "kernel_matrix_multiply_t1" - 456: 0%....50%....100% - 14 passes
==PROF== Profiling "kernel_matrix_scalar_addition" - 457: 0%....50%....100% - 14 passes
==PROF== Profiling "kernel_pointwise_three_matrix" - 458: 0%....50%....100% - 14 passes
==PROF== Profiling "kernel_oop_gemm_t2" - 459: 0%....50%....100% - 14 passes
==PROF== Profiling "kernel_sum_matrix_rows" - 460: 0%....50%....100% - 14 passes
==PROF== Profiling "kernel_gradient_descent" - 461: 0%....50%....100% - 14 passes
==PROF== Profiling "kernel_gradient_descent" - 462: 0%....50%....100% - 14 passes
==PROF== Profiling "kernel_gradient_descent" - 463: 0%....50%....100% - 14 passes
==PROF== Profiling "kernel_gradient_descent" - 464: 0%....50%....100% - 14 passes
==PROF== Profiling "kernel_gemm_repmat" - 465: 0%....50%....100% - 14 passes
==PROF== Profiling "kernel_sigmoid" - 466: 0%....50%....100% - 14 passes
==PROF== Profiling "kernel_gemm_repmat" - 467: 0%....50%....100% - 14 passes
==PROF== Profiling "kernel_softmax" - 468: 0%....50%....100% - 14 passes
==PROF== Profiling "kernel_oop_matrix_addition" - 469: 0%....50%....100% - 14 passes
==PROF== Profiling "kernel_oop_gemm_t2" - 470: 0%....50%....100% - 14 passes
==PROF== Profiling "kernel_sum_matrix_rows" - 471: 0%....50%....100% - 14 passes
==PROF== Profiling "kernel_matrix_multiply_t1" - 472: 0%....50%....100% - 14 passes
==PROF== Profiling "kernel_matrix_scalar_addition" - 473: 0%....50%....100% - 14 passes
==PROF== Profiling "kernel_pointwise_three_matrix" - 474: 0%....50%....100% - 14 passes
==PROF== Profiling "kernel_oop_gemm_t2" - 475: 0%....50%....100% - 14 passes
==PROF== Profiling "kernel_sum_matrix_rows" - 476: 0%....50%....100% - 14 passes
==PROF== Profiling "kernel_gradient_descent" - 477: 0%....50%....100% - 14 passes
==PROF== Profiling "kernel_gradient_descent" - 478: 0%....50%....100% - 14 passes
==PROF== Profiling "kernel_gradient_descent" - 479: 0%....50%....100% - 14 passes
==PROF== Profiling "kernel_gradient_descent" - 480: 0%....50%....100% - 14 passes
==PROF== Profiling "kernel_gemm_repmat" - 481: 0%....50%....100% - 14 passes
==PROF== Profiling "kernel_sigmoid" - 482: 0%....50%....100% - 14 passes
==PROF== Profiling "kernel_gemm_repmat" - 483: 0%....50%....100% - 14 passes
==PROF== Profiling "kernel_softmax" - 484: 0%....50%....100% - 14 passes
==PROF== Profiling "kernel_oop_matrix_addition" - 485: 0%....50%....100% - 14 passes
==PROF== Profiling "kernel_oop_gemm_t2" - 486: 0%....50%....100% - 14 passes
==PROF== Profiling "kernel_sum_matrix_rows" - 487: 0%....50%....100% - 14 passes
==PROF== Profiling "kernel_matrix_multiply_t1" - 488: 0%....50%....100% - 14 passes
==PROF== Profiling "kernel_matrix_scalar_addition" - 489: 0%....50%....100% - 14 passes
==PROF== Profiling "kernel_pointwise_three_matrix" - 490: 0%....50%....100% - 14 passes
==PROF== Profiling "kernel_oop_gemm_t2" - 491: 0%....50%....100% - 14 passes
==PROF== Profiling "kernel_sum_matrix_rows" - 492: 0%....50%....100% - 14 passes
==PROF== Profiling "kernel_gradient_descent" - 493: 0%....50%....100% - 14 passes
==PROF== Profiling "kernel_gradient_descent" - 494: 0%....50%....100% - 14 passes
==PROF== Profiling "kernel_gradient_descent" - 495: 0%....50%....100% - 14 passes
==PROF== Profiling "kernel_gradient_descent" - 496: 0%....50%....100% - 14 passes
==PROF== Profiling "kernel_gemm_repmat" - 497: 0%....50%....100% - 14 passes
==PROF== Profiling "kernel_sigmoid" - 498: 0%....50%....100% - 14 passes
==PROF== Profiling "kernel_gemm_repmat" - 499: 0%....50%....100% - 14 passes
==PROF== Profiling "kernel_softmax" - 500: 0%....50%....100% - 14 passes
==PROF== Profiling "kernel_oop_matrix_addition" - 501: 0%....50%....100% - 14 passes
==PROF== Profiling "kernel_oop_gemm_t2" - 502: 0%....50%....100% - 14 passes
==PROF== Profiling "kernel_sum_matrix_rows" - 503: 0%....50%....100% - 14 passes
==PROF== Profiling "kernel_matrix_multiply_t1" - 504: 0%....50%....100% - 14 passes
==PROF== Profiling "kernel_matrix_scalar_addition" - 505: 0%....50%....100% - 14 passes
==PROF== Profiling "kernel_pointwise_three_matrix" - 506: 0%....50%....100% - 14 passes
==PROF== Profiling "kernel_oop_gemm_t2" - 507: 0%....50%....100% - 14 passes
==PROF== Profiling "kernel_sum_matrix_rows" - 508: 0%....50%....100% - 14 passes
==PROF== Profiling "kernel_gradient_descent" - 509: 0%....50%....100% - 14 passes
==PROF== Profiling "kernel_gradient_descent" - 510: 0%....50%....100% - 14 passes
==PROF== Profiling "kernel_gradient_descent" - 511: 0%....50%....100% - 14 passes
==PROF== Profiling "kernel_gradient_descent" - 512: 0%....50%....100% - 14 passes
==PROF== Profiling "kernel_gemm_repmat" - 513: 0%....50%....100% - 14 passes
==PROF== Profiling "kernel_sigmoid" - 514: 0%....50%....100% - 14 passes
==PROF== Profiling "kernel_gemm_repmat" - 515: 0%....50%....100% - 14 passes
==PROF== Profiling "kernel_softmax" - 516: 0%....50%....100% - 14 passes
==PROF== Profiling "kernel_oop_matrix_addition" - 517: 0%....50%....100% - 14 passes
==PROF== Profiling "kernel_oop_gemm_t2" - 518: 0%....50%....100% - 14 passes
==PROF== Profiling "kernel_sum_matrix_rows" - 519: 0%....50%....100% - 14 passes
==PROF== Profiling "kernel_matrix_multiply_t1" - 520: 0%....50%....100% - 14 passes
==PROF== Profiling "kernel_matrix_scalar_addition" - 521: 0%....50%....100% - 14 passes
==PROF== Profiling "kernel_pointwise_three_matrix" - 522: 0%....50%....100% - 14 passes
==PROF== Profiling "kernel_oop_gemm_t2" - 523: 0%....50%....100% - 14 passes
==PROF== Profiling "kernel_sum_matrix_rows" - 524: 0%....50%....100% - 14 passes
==PROF== Profiling "kernel_gradient_descent" - 525: 0%....50%....100% - 14 passes
==PROF== Profiling "kernel_gradient_descent" - 526: 0%....50%....100% - 14 passes
==PROF== Profiling "kernel_gradient_descent" - 527: 0%....50%....100% - 14 passes
==PROF== Profiling "kernel_gradient_descent" - 528: 0%....50%....100% - 14 passes
==PROF== Profiling "kernel_gemm_repmat" - 529: 0%....50%....100% - 14 passes
==PROF== Profiling "kernel_sigmoid" - 530: 0%....50%....100% - 14 passes
==PROF== Profiling "kernel_gemm_repmat" - 531: 0%....50%....100% - 14 passes
==PROF== Profiling "kernel_softmax" - 532: 0%....50%....100% - 14 passes
==PROF== Profiling "kernel_oop_matrix_addition" - 533: 0%....50%....100% - 14 passes
==PROF== Profiling "kernel_oop_gemm_t2" - 534: 0%....50%....100% - 14 passes
==PROF== Profiling "kernel_sum_matrix_rows" - 535: 0%....50%....100% - 14 passes
==PROF== Profiling "kernel_matrix_multiply_t1" - 536: 0%....50%....100% - 14 passes
==PROF== Profiling "kernel_matrix_scalar_addition" - 537: 0%....50%....100% - 14 passes
==PROF== Profiling "kernel_pointwise_three_matrix" - 538: 0%....50%....100% - 14 passes
==PROF== Profiling "kernel_oop_gemm_t2" - 539: 0%....50%....100% - 14 passes
==PROF== Profiling "kernel_sum_matrix_rows" - 540: 0%....50%....100% - 14 passes
==PROF== Profiling "kernel_gradient_descent" - 541: 0%....50%....100% - 14 passes
==PROF== Profiling "kernel_gradient_descent" - 542: 0%....50%....100% - 14 passes
==PROF== Profiling "kernel_gradient_descent" - 543: 0%....50%....100% - 14 passes
==PROF== Profiling "kernel_gradient_descent" - 544: 0%....50%....100% - 14 passes
==PROF== Profiling "kernel_gemm_repmat" - 545: 0%....50%....100% - 14 passes
==PROF== Profiling "kernel_sigmoid" - 546: 0%....50%....100% - 14 passes
==PROF== Profiling "kernel_gemm_repmat" - 547: 0%....50%....100% - 14 passes
==PROF== Profiling "kernel_softmax" - 548: 0%....50%....100% - 14 passes
==PROF== Profiling "kernel_oop_matrix_addition" - 549: 0%....50%....100% - 14 passes
==PROF== Profiling "kernel_oop_gemm_t2" - 550: 0%....50%....100% - 14 passes
==PROF== Profiling "kernel_sum_matrix_rows" - 551: 0%....50%....100% - 14 passes
==PROF== Profiling "kernel_matrix_multiply_t1" - 552: 0%....50%....100% - 14 passes
==PROF== Profiling "kernel_matrix_scalar_addition" - 553: 0%....50%....100% - 14 passes
==PROF== Profiling "kernel_pointwise_three_matrix" - 554: 0%....50%....100% - 14 passes
==PROF== Profiling "kernel_oop_gemm_t2" - 555: 0%....50%....100% - 14 passes
==PROF== Profiling "kernel_sum_matrix_rows" - 556: 0%....50%....100% - 14 passes
==PROF== Profiling "kernel_gradient_descent" - 557: 0%....50%....100% - 14 passes
==PROF== Profiling "kernel_gradient_descent" - 558: 0%....50%....100% - 14 passes
==PROF== Profiling "kernel_gradient_descent" - 559: 0%....50%....100% - 14 passes
==PROF== Profiling "kernel_gradient_descent" - 560: 0%....50%....100% - 14 passes
==PROF== Profiling "kernel_gemm_repmat" - 561: 0%....50%....100% - 14 passes
==PROF== Profiling "kernel_sigmoid" - 562: 0%....50%....100% - 14 passes
==PROF== Profiling "kernel_gemm_repmat" - 563: 0%....50%....100% - 14 passes
==PROF== Profiling "kernel_softmax" - 564: 0%....50%....100% - 14 passes
==PROF== Profiling "kernel_oop_matrix_addition" - 565: 0%....50%....100% - 14 passes
==PROF== Profiling "kernel_oop_gemm_t2" - 566: 0%....50%....100% - 14 passes
==PROF== Profiling "kernel_sum_matrix_rows" - 567: 0%....50%....100% - 14 passes
==PROF== Profiling "kernel_matrix_multiply_t1" - 568: 0%....50%....100% - 14 passes
==PROF== Profiling "kernel_matrix_scalar_addition" - 569: 0%....50%....100% - 14 passes
==PROF== Profiling "kernel_pointwise_three_matrix" - 570: 0%....50%....100% - 14 passes
==PROF== Profiling "kernel_oop_gemm_t2" - 571: 0%....50%....100% - 14 passes
==PROF== Profiling "kernel_sum_matrix_rows" - 572: 0%....50%....100% - 14 passes
==PROF== Profiling "kernel_gradient_descent" - 573: 0%....50%....100% - 14 passes
==PROF== Profiling "kernel_gradient_descent" - 574: 0%....50%....100% - 14 passes
==PROF== Profiling "kernel_gradient_descent" - 575: 0%....50%....100% - 14 passes
==PROF== Profiling "kernel_gradient_descent" - 576: 0%....50%....100% - 14 passes
==PROF== Profiling "kernel_gemm_repmat" - 577: 0%....50%....100% - 14 passes
==PROF== Profiling "kernel_sigmoid" - 578: 0%....50%....100% - 14 passes
==PROF== Profiling "kernel_gemm_repmat" - 579: 0%....50%....100% - 14 passes
==PROF== Profiling "kernel_softmax" - 580: 0%....50%....100% - 14 passes
==PROF== Profiling "kernel_oop_matrix_addition" - 581: 0%....50%....100% - 14 passes
==PROF== Profiling "kernel_oop_gemm_t2" - 582: 0%....50%....100% - 14 passes
==PROF== Profiling "kernel_sum_matrix_rows" - 583: 0%....50%....100% - 14 passes
==PROF== Profiling "kernel_matrix_multiply_t1" - 584: 0%....50%....100% - 14 passes
==PROF== Profiling "kernel_matrix_scalar_addition" - 585: 0%....50%....100% - 14 passes
==PROF== Profiling "kernel_pointwise_three_matrix" - 586: 0%....50%....100% - 14 passes
==PROF== Profiling "kernel_oop_gemm_t2" - 587: 0%....50%....100% - 14 passes
==PROF== Profiling "kernel_sum_matrix_rows" - 588: 0%....50%....100% - 14 passes
==PROF== Profiling "kernel_gradient_descent" - 589: 0%....50%....100% - 14 passes
==PROF== Profiling "kernel_gradient_descent" - 590: 0%....50%....100% - 14 passes
==PROF== Profiling "kernel_gradient_descent" - 591: 0%....50%....100% - 14 passes
==PROF== Profiling "kernel_gradient_descent" - 592: 0%....50%....100% - 14 passes
==PROF== Profiling "kernel_gemm_repmat" - 593: 0%....50%....100% - 14 passes
==PROF== Profiling "kernel_sigmoid" - 594: 0%....50%....100% - 14 passes
==PROF== Profiling "kernel_gemm_repmat" - 595: 0%....50%....100% - 14 passes
==PROF== Profiling "kernel_softmax" - 596: 0%....50%....100% - 14 passes
==PROF== Profiling "kernel_oop_matrix_addition" - 597: 0%....50%....100% - 14 passes
==PROF== Profiling "kernel_oop_gemm_t2" - 598: 0%....50%....100% - 14 passes
==PROF== Profiling "kernel_sum_matrix_rows" - 599: 0%....50%....100% - 14 passes
==PROF== Profiling "kernel_matrix_multiply_t1" - 600: 0%....50%....100% - 14 passes
==PROF== Profiling "kernel_matrix_scalar_addition" - 601: 0%....50%....100% - 14 passes
==PROF== Profiling "kernel_pointwise_three_matrix" - 602: 0%....50%....100% - 14 passes
==PROF== Profiling "kernel_oop_gemm_t2" - 603: 0%....50%....100% - 14 passes
==PROF== Profiling "kernel_sum_matrix_rows" - 604: 0%....50%....100% - 14 passes
==PROF== Profiling "kernel_gradient_descent" - 605: 0%....50%....100% - 14 passes
==PROF== Profiling "kernel_gradient_descent" - 606: 0%....50%....100% - 14 passes
==PROF== Profiling "kernel_gradient_descent" - 607: 0%....50%....100% - 14 passes
==PROF== Profiling "kernel_gradient_descent" - 608: 0%....50%....100% - 14 passes
==PROF== Profiling "kernel_gemm_repmat" - 609: 0%....50%....100% - 14 passes
==PROF== Profiling "kernel_sigmoid" - 610: 0%....50%....100% - 14 passes
==PROF== Profiling "kernel_gemm_repmat" - 611: 0%....50%....100% - 14 passes
==PROF== Profiling "kernel_softmax" - 612: 0%....50%....100% - 14 passes
==PROF== Profiling "kernel_oop_matrix_addition" - 613: 0%....50%....100% - 14 passes
==PROF== Profiling "kernel_oop_gemm_t2" - 614: 0%....50%....100% - 14 passes
==PROF== Profiling "kernel_sum_matrix_rows" - 615: 0%....50%....100% - 14 passes
==PROF== Profiling "kernel_matrix_multiply_t1" - 616: 0%....50%....100% - 14 passes
==PROF== Profiling "kernel_matrix_scalar_addition" - 617: 0%....50%....100% - 14 passes
==PROF== Profiling "kernel_pointwise_three_matrix" - 618: 0%....50%....100% - 14 passes
==PROF== Profiling "kernel_oop_gemm_t2" - 619: 0%....50%....100% - 14 passes
==PROF== Profiling "kernel_sum_matrix_rows" - 620: 0%....50%....100% - 14 passes
==PROF== Profiling "kernel_gradient_descent" - 621: 0%....50%....100% - 14 passes
==PROF== Profiling "kernel_gradient_descent" - 622: 0%....50%....100% - 14 passes
==PROF== Profiling "kernel_gradient_descent" - 623: 0%....50%....100% - 14 passes
==PROF== Profiling "kernel_gradient_descent" - 624: 0%....50%....100% - 14 passes
==PROF== Profiling "kernel_gemm_repmat" - 625: 0%....50%....100% - 14 passes
==PROF== Profiling "kernel_sigmoid" - 626: 0%....50%....100% - 14 passes
==PROF== Profiling "kernel_gemm_repmat" - 627: 0%....50%....100% - 14 passes
==PROF== Profiling "kernel_softmax" - 628: 0%....50%....100% - 14 passes
==PROF== Profiling "kernel_oop_matrix_addition" - 629: 0%....50%....100% - 14 passes
==PROF== Profiling "kernel_oop_gemm_t2" - 630: 0%....50%....100% - 14 passes
==PROF== Profiling "kernel_sum_matrix_rows" - 631: 0%....50%....100% - 14 passes
==PROF== Profiling "kernel_matrix_multiply_t1" - 632: 0%....50%....100% - 14 passes
==PROF== Profiling "kernel_matrix_scalar_addition" - 633: 0%....50%....100% - 14 passes
==PROF== Profiling "kernel_pointwise_three_matrix" - 634: 0%....50%....100% - 14 passes
==PROF== Profiling "kernel_oop_gemm_t2" - 635: 0%....50%....100% - 14 passes
==PROF== Profiling "kernel_sum_matrix_rows" - 636: 0%....50%....100% - 14 passes
==PROF== Profiling "kernel_gradient_descent" - 637: 0%....50%....100% - 14 passes
==PROF== Profiling "kernel_gradient_descent" - 638: 0%....50%....100% - 14 passes
==PROF== Profiling "kernel_gradient_descent" - 639: 0%....50%....100% - 14 passes
==PROF== Profiling "kernel_gradient_descent" - 640: 0%....50%....100% - 14 passes
==PROF== Profiling "kernel_gemm_repmat" - 641: 0%....50%....100% - 14 passes
==PROF== Profiling "kernel_sigmoid" - 642: 0%....50%....100% - 14 passes
==PROF== Profiling "kernel_gemm_repmat" - 643: 0%....50%....100% - 14 passes
==PROF== Profiling "kernel_softmax" - 644: 0%....50%....100% - 14 passes
==PROF== Profiling "kernel_oop_matrix_addition" - 645: 0%....50%....100% - 14 passes
==PROF== Profiling "kernel_oop_gemm_t2" - 646: 0%....50%....100% - 14 passes
==PROF== Profiling "kernel_sum_matrix_rows" - 647: 0%....50%....100% - 14 passes
==PROF== Profiling "kernel_matrix_multiply_t1" - 648: 0%....50%....100% - 14 passes
==PROF== Profiling "kernel_matrix_scalar_addition" - 649: 0%....50%....100% - 14 passes
==PROF== Profiling "kernel_pointwise_three_matrix" - 650: 0%....50%....100% - 14 passes
==PROF== Profiling "kernel_oop_gemm_t2" - 651: 0%....50%....100% - 14 passes
==PROF== Profiling "kernel_sum_matrix_rows" - 652: 0%....50%....100% - 14 passes
==PROF== Profiling "kernel_gradient_descent" - 653: 0%....50%....100% - 14 passes
==PROF== Profiling "kernel_gradient_descent" - 654: 0%....50%....100% - 14 passes
==PROF== Profiling "kernel_gradient_descent" - 655: 0%....50%....100% - 14 passes
==PROF== Profiling "kernel_gradient_descent" - 656: 0%....50%....100% - 14 passes
==PROF== Profiling "kernel_gemm_repmat" - 657: 0%....50%....100% - 14 passes
==PROF== Profiling "kernel_sigmoid" - 658: 0%....50%....100% - 14 passes
==PROF== Profiling "kernel_gemm_repmat" - 659: 0%....50%....100% - 14 passes
==PROF== Profiling "kernel_softmax" - 660: 0%....50%....100% - 14 passes
==PROF== Profiling "kernel_oop_matrix_addition" - 661: 0%....50%....100% - 14 passes
==PROF== Profiling "kernel_oop_gemm_t2" - 662: 0%....50%....100% - 14 passes
==PROF== Profiling "kernel_sum_matrix_rows" - 663: 0%....50%....100% - 14 passes
==PROF== Profiling "kernel_matrix_multiply_t1" - 664: 0%....50%....100% - 14 passes
==PROF== Profiling "kernel_matrix_scalar_addition" - 665: 0%....50%....100% - 14 passes
==PROF== Profiling "kernel_pointwise_three_matrix" - 666: 0%....50%....100% - 14 passes
==PROF== Profiling "kernel_oop_gemm_t2" - 667: 0%....50%....100% - 14 passes
==PROF== Profiling "kernel_sum_matrix_rows" - 668: 0%....50%....100% - 14 passes
==PROF== Profiling "kernel_gradient_descent" - 669: 0%....50%....100% - 14 passes
==PROF== Profiling "kernel_gradient_descent" - 670: 0%....50%....100% - 14 passes
==PROF== Profiling "kernel_gradient_descent" - 671: 0%....50%....100% - 14 passes
==PROF== Profiling "kernel_gradient_descent" - 672: 0%....50%....100% - 14 passes
==PROF== Profiling "kernel_gemm_repmat" - 673: 0%....50%....100% - 14 passes
==PROF== Profiling "kernel_sigmoid" - 674: 0%....50%....100% - 14 passes
==PROF== Profiling "kernel_gemm_repmat" - 675: 0%....50%....100% - 14 passes
==PROF== Profiling "kernel_softmax" - 676: 0%....50%....100% - 14 passes
==PROF== Profiling "kernel_oop_matrix_addition" - 677: 0%....50%....100% - 14 passes
==PROF== Profiling "kernel_oop_gemm_t2" - 678: 0%....50%....100% - 14 passes
==PROF== Profiling "kernel_sum_matrix_rows" - 679: 0%....50%....100% - 14 passes
==PROF== Profiling "kernel_matrix_multiply_t1" - 680: 0%....50%....100% - 14 passes
==PROF== Profiling "kernel_matrix_scalar_addition" - 681: 0%....50%....100% - 14 passes
==PROF== Profiling "kernel_pointwise_three_matrix" - 682: 0%....50%....100% - 14 passes
==PROF== Profiling "kernel_oop_gemm_t2" - 683: 0%....50%....100% - 14 passes
==PROF== Profiling "kernel_sum_matrix_rows" - 684: 0%....50%....100% - 14 passes
==PROF== Profiling "kernel_gradient_descent" - 685: 0%....50%....100% - 14 passes
==PROF== Profiling "kernel_gradient_descent" - 686: 0%....50%....100% - 14 passes
==PROF== Profiling "kernel_gradient_descent" - 687: 0%....50%....100% - 14 passes
==PROF== Profiling "kernel_gradient_descent" - 688: 0%....50%....100% - 14 passes
==PROF== Profiling "kernel_gemm_repmat" - 689: 0%....50%....100% - 14 passes
==PROF== Profiling "kernel_sigmoid" - 690: 0%....50%....100% - 14 passes
==PROF== Profiling "kernel_gemm_repmat" - 691: 0%....50%....100% - 14 passes
==PROF== Profiling "kernel_softmax" - 692: 0%....50%....100% - 14 passes
==PROF== Profiling "kernel_oop_matrix_addition" - 693: 0%....50%....100% - 14 passes
==PROF== Profiling "kernel_oop_gemm_t2" - 694: 0%....50%....100% - 14 passes
==PROF== Profiling "kernel_sum_matrix_rows" - 695: 0%....50%....100% - 14 passes
==PROF== Profiling "kernel_matrix_multiply_t1" - 696: 0%....50%....100% - 14 passes
==PROF== Profiling "kernel_matrix_scalar_addition" - 697: 0%....50%....100% - 14 passes
==PROF== Profiling "kernel_pointwise_three_matrix" - 698: 0%....50%....100% - 14 passes
==PROF== Profiling "kernel_oop_gemm_t2" - 699: 0%....50%....100% - 14 passes
==PROF== Profiling "kernel_sum_matrix_rows" - 700: 0%....50%....100% - 14 passes
==PROF== Profiling "kernel_gradient_descent" - 701: 0%....50%....100% - 14 passes
==PROF== Profiling "kernel_gradient_descent" - 702: 0%....50%....100% - 14 passes
==PROF== Profiling "kernel_gradient_descent" - 703: 0%....50%....100% - 14 passes
==PROF== Profiling "kernel_gradient_descent" - 704: 0%....50%....100% - 14 passes
==PROF== Profiling "kernel_gemm_repmat" - 705: 0%....50%....100% - 14 passes
==PROF== Profiling "kernel_sigmoid" - 706: 0%....50%....100% - 14 passes
==PROF== Profiling "kernel_gemm_repmat" - 707: 0%....50%....100% - 14 passes
==PROF== Profiling "kernel_softmax" - 708: 0%....50%....100% - 14 passes
==PROF== Profiling "kernel_oop_matrix_addition" - 709: 0%....50%....100% - 14 passes
==PROF== Profiling "kernel_oop_gemm_t2" - 710: 0%....50%....100% - 14 passes
==PROF== Profiling "kernel_sum_matrix_rows" - 711: 0%....50%....100% - 14 passes
==PROF== Profiling "kernel_matrix_multiply_t1" - 712: 0%....50%....100% - 14 passes
==PROF== Profiling "kernel_matrix_scalar_addition" - 713: 0%....50%....100% - 14 passes
==PROF== Profiling "kernel_pointwise_three_matrix" - 714: 0%....50%....100% - 14 passes
==PROF== Profiling "kernel_oop_gemm_t2" - 715: 0%....50%....100% - 14 passes
==PROF== Profiling "kernel_sum_matrix_rows" - 716: 0%....50%....100% - 14 passes
==PROF== Profiling "kernel_gradient_descent" - 717: 0%....50%....100% - 14 passes
==PROF== Profiling "kernel_gradient_descent" - 718: 0%....50%....100% - 14 passes
==PROF== Profiling "kernel_gradient_descent" - 719: 0%....50%....100% - 14 passes
==PROF== Profiling "kernel_gradient_descent" - 720: 0%....50%....100% - 14 passes
==PROF== Profiling "kernel_gemm_repmat" - 721: 0%....50%....100% - 14 passes
==PROF== Profiling "kernel_sigmoid" - 722: 0%....50%....100% - 14 passes
==PROF== Profiling "kernel_gemm_repmat" - 723: 0%....50%....100% - 14 passes
==PROF== Profiling "kernel_softmax" - 724: 0%....50%....100% - 14 passes
==PROF== Profiling "kernel_oop_matrix_addition" - 725: 0%....50%....100% - 14 passes
==PROF== Profiling "kernel_oop_gemm_t2" - 726: 0%....50%....100% - 14 passes
==PROF== Profiling "kernel_sum_matrix_rows" - 727: 0%....50%....100% - 14 passes
==PROF== Profiling "kernel_matrix_multiply_t1" - 728: 0%....50%....100% - 14 passes
==PROF== Profiling "kernel_matrix_scalar_addition" - 729: 0%....50%....100% - 14 passes
==PROF== Profiling "kernel_pointwise_three_matrix" - 730: 0%....50%....100% - 14 passes
==PROF== Profiling "kernel_oop_gemm_t2" - 731: 0%....50%....100% - 14 passes
==PROF== Profiling "kernel_sum_matrix_rows" - 732: 0%....50%....100% - 14 passes
==PROF== Profiling "kernel_gradient_descent" - 733: 0%....50%....100% - 14 passes
==PROF== Profiling "kernel_gradient_descent" - 734: 0%....50%....100% - 14 passes
==PROF== Profiling "kernel_gradient_descent" - 735: 0%....50%....100% - 14 passes
==PROF== Profiling "kernel_gradient_descent" - 736: 0%....50%....100% - 14 passes
==PROF== Profiling "kernel_gemm_repmat" - 737: 0%....50%....100% - 14 passes
==PROF== Profiling "kernel_sigmoid" - 738: 0%....50%....100% - 14 passes
==PROF== Profiling "kernel_gemm_repmat" - 739: 0%....50%....100% - 14 passes
==PROF== Profiling "kernel_softmax" - 740: 0%....50%....100% - 14 passes
==PROF== Profiling "kernel_oop_matrix_addition" - 741: 0%....50%....100% - 14 passes
==PROF== Profiling "kernel_oop_gemm_t2" - 742: 0%....50%....100% - 14 passes
==PROF== Profiling "kernel_sum_matrix_rows" - 743: 0%....50%....100% - 14 passes
==PROF== Profiling "kernel_matrix_multiply_t1" - 744: 0%....50%....100% - 14 passes
==PROF== Profiling "kernel_matrix_scalar_addition" - 745: 0%....50%....100% - 14 passes
==PROF== Profiling "kernel_pointwise_three_matrix" - 746: 0%....50%....100% - 14 passes
==PROF== Profiling "kernel_oop_gemm_t2" - 747: 0%....50%....100% - 14 passes
==PROF== Profiling "kernel_sum_matrix_rows" - 748: 0%....50%....100% - 14 passes
==PROF== Profiling "kernel_gradient_descent" - 749: 0%....50%....100% - 14 passes
==PROF== Profiling "kernel_gradient_descent" - 750: 0%....50%....100% - 14 passes
==PROF== Profiling "kernel_gradient_descent" - 751: 0%....50%....100% - 14 passes
==PROF== Profiling "kernel_gradient_descent" - 752: 0%....50%....100% - 14 passes
==PROF== Profiling "kernel_gemm_repmat" - 753: 0%....50%....100% - 14 passes
==PROF== Profiling "kernel_sigmoid" - 754: 0%....50%....100% - 14 passes
==PROF== Profiling "kernel_gemm_repmat" - 755: 0%....50%....100% - 14 passes
==PROF== Profiling "kernel_softmax" - 756: 0%....50%....100% - 14 passes
==PROF== Profiling "kernel_oop_matrix_addition" - 757: 0%....50%....100% - 14 passes
==PROF== Profiling "kernel_oop_gemm_t2" - 758: 0%....50%....100% - 14 passes
==PROF== Profiling "kernel_sum_matrix_rows" - 759: 0%....50%....100% - 14 passes
==PROF== Profiling "kernel_matrix_multiply_t1" - 760: 0%....50%....100% - 14 passes
==PROF== Profiling "kernel_matrix_scalar_addition" - 761: 0%....50%....100% - 14 passes
==PROF== Profiling "kernel_pointwise_three_matrix" - 762: 0%....50%....100% - 14 passes
==PROF== Profiling "kernel_oop_gemm_t2" - 763: 0%....50%....100% - 14 passes
==PROF== Profiling "kernel_sum_matrix_rows" - 764: 0%....50%....100% - 14 passes
==PROF== Profiling "kernel_gradient_descent" - 765: 0%....50%....100% - 14 passes
==PROF== Profiling "kernel_gradient_descent" - 766: 0%....50%....100% - 14 passes
==PROF== Profiling "kernel_gradient_descent" - 767: 0%....50%....100% - 14 passes
==PROF== Profiling "kernel_gradient_descent" - 768: 0%....50%....100% - 14 passes
==PROF== Profiling "kernel_gemm_repmat" - 769: 0%....50%....100% - 14 passes
==PROF== Profiling "kernel_sigmoid" - 770: 0%....50%....100% - 14 passes
==PROF== Profiling "kernel_gemm_repmat" - 771: 0%....50%....100% - 14 passes
==PROF== Profiling "kernel_softmax" - 772: 0%....50%....100% - 14 passes
==PROF== Profiling "kernel_oop_matrix_addition" - 773: 0%....50%....100% - 14 passes
==PROF== Profiling "kernel_oop_gemm_t2" - 774: 0%....50%....100% - 14 passes
==PROF== Profiling "kernel_sum_matrix_rows" - 775: 0%....50%....100% - 14 passes
==PROF== Profiling "kernel_matrix_multiply_t1" - 776: 0%....50%....100% - 14 passes
==PROF== Profiling "kernel_matrix_scalar_addition" - 777: 0%....50%....100% - 14 passes
==PROF== Profiling "kernel_pointwise_three_matrix" - 778: 0%....50%....100% - 14 passes
==PROF== Profiling "kernel_oop_gemm_t2" - 779: 0%....50%....100% - 14 passes
==PROF== Profiling "kernel_sum_matrix_rows" - 780: 0%....50%....100% - 14 passes
==PROF== Profiling "kernel_gradient_descent" - 781: 0%....50%....100% - 14 passes
==PROF== Profiling "kernel_gradient_descent" - 782: 0%....50%....100% - 14 passes
==PROF== Profiling "kernel_gradient_descent" - 783: 0%....50%....100% - 14 passes
==PROF== Profiling "kernel_gradient_descent" - 784: 0%....50%....100% - 14 passes
==PROF== Profiling "kernel_gemm_repmat" - 785: 0%....50%....100% - 14 passes
==PROF== Profiling "kernel_sigmoid" - 786: 0%....50%....100% - 14 passes
==PROF== Profiling "kernel_gemm_repmat" - 787: 0%....50%....100% - 14 passes
==PROF== Profiling "kernel_softmax" - 788: 0%....50%....100% - 14 passes
==PROF== Profiling "kernel_oop_matrix_addition" - 789: 0%....50%....100% - 14 passes
==PROF== Profiling "kernel_oop_gemm_t2" - 790: 0%....50%....100% - 14 passes
==PROF== Profiling "kernel_sum_matrix_rows" - 791: 0%....50%....100% - 14 passes
==PROF== Profiling "kernel_matrix_multiply_t1" - 792: 0%....50%....100% - 14 passes
==PROF== Profiling "kernel_matrix_scalar_addition" - 793: 0%....50%....100% - 14 passes
==PROF== Profiling "kernel_pointwise_three_matrix" - 794: 0%....50%....100% - 14 passes
==PROF== Profiling "kernel_oop_gemm_t2" - 795: 0%....50%....100% - 14 passes
==PROF== Profiling "kernel_sum_matrix_rows" - 796: 0%....50%....100% - 14 passes
==PROF== Profiling "kernel_gradient_descent" - 797: 0%....50%....100% - 14 passes
==PROF== Profiling "kernel_gradient_descent" - 798: 0%....50%....100% - 14 passes
==PROF== Profiling "kernel_gradient_descent" - 799: 0%....50%....100% - 14 passes
==PROF== Profiling "kernel_gradient_descent" - 800: 0%....50%....100% - 14 passes
==PROF== Profiling "kernel_gemm_repmat" - 801: 0%....50%....100% - 14 passes
==PROF== Profiling "kernel_sigmoid" - 802: 0%....50%....100% - 14 passes
==PROF== Profiling "kernel_gemm_repmat" - 803: 0%....50%....100% - 14 passes
==PROF== Profiling "kernel_softmax" - 804: 0%....50%....100% - 14 passes
==PROF== Profiling "kernel_oop_matrix_addition" - 805: 0%....50%....100% - 14 passes
==PROF== Profiling "kernel_oop_gemm_t2" - 806: 0%....50%....100% - 14 passes
==PROF== Profiling "kernel_sum_matrix_rows" - 807: 0%....50%....100% - 14 passes
==PROF== Profiling "kernel_matrix_multiply_t1" - 808: 0%....50%....100% - 14 passes
==PROF== Profiling "kernel_matrix_scalar_addition" - 809: 0%....50%....100% - 14 passes
==PROF== Profiling "kernel_pointwise_three_matrix" - 810: 0%....50%....100% - 14 passes
==PROF== Profiling "kernel_oop_gemm_t2" - 811: 0%....50%....100% - 14 passes
==PROF== Profiling "kernel_sum_matrix_rows" - 812: 0%....50%....100% - 14 passes
==PROF== Profiling "kernel_gradient_descent" - 813: 0%....50%....100% - 14 passes
==PROF== Profiling "kernel_gradient_descent" - 814: 0%....50%....100% - 14 passes
==PROF== Profiling "kernel_gradient_descent" - 815: 0%....50%....100% - 14 passes
==PROF== Profiling "kernel_gradient_descent" - 816: 0%....50%....100% - 14 passes
==PROF== Profiling "kernel_gemm_repmat" - 817: 0%....50%....100% - 14 passes
==PROF== Profiling "kernel_sigmoid" - 818: 0%....50%....100% - 14 passes
==PROF== Profiling "kernel_gemm_repmat" - 819: 0%....50%....100% - 14 passes
==PROF== Profiling "kernel_softmax" - 820: 0%....50%....100% - 14 passes
==PROF== Profiling "kernel_oop_matrix_addition" - 821: 0%....50%....100% - 14 passes
==PROF== Profiling "kernel_oop_gemm_t2" - 822: 0%....50%....100% - 14 passes
==PROF== Profiling "kernel_sum_matrix_rows" - 823: 0%....50%....100% - 14 passes
==PROF== Profiling "kernel_matrix_multiply_t1" - 824: 0%....50%....100% - 14 passes
==PROF== Profiling "kernel_matrix_scalar_addition" - 825: 0%....50%....100% - 14 passes
==PROF== Profiling "kernel_pointwise_three_matrix" - 826: 0%....50%....100% - 14 passes
==PROF== Profiling "kernel_oop_gemm_t2" - 827: 0%....50%....100% - 14 passes
==PROF== Profiling "kernel_sum_matrix_rows" - 828: 0%....50%....100% - 14 passes
==PROF== Profiling "kernel_gradient_descent" - 829: 0%....50%....100% - 14 passes
==PROF== Profiling "kernel_gradient_descent" - 830: 0%....50%....100% - 14 passes
==PROF== Profiling "kernel_gradient_descent" - 831: 0%....50%....100% - 14 passes
==PROF== Profiling "kernel_gradient_descent" - 832: 0%....50%....100% - 14 passes
==PROF== Profiling "kernel_gemm_repmat" - 833: 0%....50%....100% - 14 passes
==PROF== Profiling "kernel_sigmoid" - 834: 0%....50%....100% - 14 passes
==PROF== Profiling "kernel_gemm_repmat" - 835: 0%....50%....100% - 14 passes
==PROF== Profiling "kernel_softmax" - 836: 0%....50%....100% - 14 passes
==PROF== Profiling "kernel_oop_matrix_addition" - 837: 0%....50%....100% - 14 passes
==PROF== Profiling "kernel_oop_gemm_t2" - 838: 0%....50%....100% - 14 passes
==PROF== Profiling "kernel_sum_matrix_rows" - 839: 0%....50%....100% - 14 passes
==PROF== Profiling "kernel_matrix_multiply_t1" - 840: 0%....50%....100% - 14 passes
==PROF== Profiling "kernel_matrix_scalar_addition" - 841: 0%....50%....100% - 14 passes
==PROF== Profiling "kernel_pointwise_three_matrix" - 842: 0%....50%....100% - 14 passes
==PROF== Profiling "kernel_oop_gemm_t2" - 843: 0%....50%....100% - 14 passes
==PROF== Profiling "kernel_sum_matrix_rows" - 844: 0%....50%....100% - 14 passes
==PROF== Profiling "kernel_gradient_descent" - 845: 0%....50%....100% - 14 passes
==PROF== Profiling "kernel_gradient_descent" - 846: 0%....50%....100% - 14 passes
==PROF== Profiling "kernel_gradient_descent" - 847: 0%....50%....100% - 14 passes
==PROF== Profiling "kernel_gradient_descent" - 848: 0%....50%....100% - 14 passes
==PROF== Profiling "kernel_gemm_repmat" - 849: 0%....50%....100% - 14 passes
==PROF== Profiling "kernel_sigmoid" - 850: 0%....50%....100% - 14 passes
==PROF== Profiling "kernel_gemm_repmat" - 851: 0%....50%....100% - 14 passes
==PROF== Profiling "kernel_softmax" - 852: 0%....50%....100% - 14 passes
==PROF== Profiling "kernel_oop_matrix_addition" - 853: 0%....50%....100% - 14 passes
==PROF== Profiling "kernel_oop_gemm_t2" - 854: 0%....50%....100% - 14 passes
==PROF== Profiling "kernel_sum_matrix_rows" - 855: 0%....50%....100% - 14 passes
==PROF== Profiling "kernel_matrix_multiply_t1" - 856: 0%....50%....100% - 14 passes
==PROF== Profiling "kernel_matrix_scalar_addition" - 857: 0%....50%....100% - 14 passes
==PROF== Profiling "kernel_pointwise_three_matrix" - 858: 0%....50%....100% - 14 passes
==PROF== Profiling "kernel_oop_gemm_t2" - 859: 0%....50%....100% - 14 passes
==PROF== Profiling "kernel_sum_matrix_rows" - 860: 0%....50%....100% - 14 passes
==PROF== Profiling "kernel_gradient_descent" - 861: 0%....50%....100% - 14 passes
==PROF== Profiling "kernel_gradient_descent" - 862: 0%....50%....100% - 14 passes
==PROF== Profiling "kernel_gradient_descent" - 863: 0%....50%....100% - 14 passes
==PROF== Profiling "kernel_gradient_descent" - 864: 0%....50%....100% - 14 passes
==PROF== Profiling "kernel_gemm_repmat" - 865: 0%....50%....100% - 14 passes
==PROF== Profiling "kernel_sigmoid" - 866: 0%....50%....100% - 14 passes
==PROF== Profiling "kernel_gemm_repmat" - 867: 0%....50%....100% - 14 passes
==PROF== Profiling "kernel_softmax" - 868: 0%....50%....100% - 14 passes
==PROF== Profiling "kernel_oop_matrix_addition" - 869: 0%....50%....100% - 14 passes
==PROF== Profiling "kernel_oop_gemm_t2" - 870: 0%....50%....100% - 14 passes
==PROF== Profiling "kernel_sum_matrix_rows" - 871: 0%....50%....100% - 14 passes
==PROF== Profiling "kernel_matrix_multiply_t1" - 872: 0%....50%....100% - 14 passes
==PROF== Profiling "kernel_matrix_scalar_addition" - 873: 0%....50%....100% - 14 passes
==PROF== Profiling "kernel_pointwise_three_matrix" - 874: 0%....50%....100% - 14 passes
==PROF== Profiling "kernel_oop_gemm_t2" - 875: 0%....50%....100% - 14 passes
==PROF== Profiling "kernel_sum_matrix_rows" - 876: 0%....50%....100% - 14 passes
==PROF== Profiling "kernel_gradient_descent" - 877: 0%....50%....100% - 14 passes
==PROF== Profiling "kernel_gradient_descent" - 878: 0%....50%....100% - 14 passes
==PROF== Profiling "kernel_gradient_descent" - 879: 0%....50%....100% - 14 passes
==PROF== Profiling "kernel_gradient_descent" - 880: 0%....50%....100% - 14 passes
==PROF== Profiling "kernel_gemm_repmat" - 881: 0%....50%....100% - 14 passes
==PROF== Profiling "kernel_sigmoid" - 882: 0%....50%....100% - 14 passes
==PROF== Profiling "kernel_gemm_repmat" - 883: 0%....50%....100% - 14 passes
==PROF== Profiling "kernel_softmax" - 884: 0%....50%....100% - 14 passes
==PROF== Profiling "kernel_oop_matrix_addition" - 885: 0%....50%....100% - 14 passes
==PROF== Profiling "kernel_oop_gemm_t2" - 886: 0%....50%....100% - 14 passes
==PROF== Profiling "kernel_sum_matrix_rows" - 887: 0%....50%....100% - 14 passes
==PROF== Profiling "kernel_matrix_multiply_t1" - 888: 0%....50%....100% - 14 passes
==PROF== Profiling "kernel_matrix_scalar_addition" - 889: 0%....50%....100% - 14 passes
==PROF== Profiling "kernel_pointwise_three_matrix" - 890: 0%....50%....100% - 14 passes
==PROF== Profiling "kernel_oop_gemm_t2" - 891: 0%....50%....100% - 14 passes
==PROF== Profiling "kernel_sum_matrix_rows" - 892: 0%....50%....100% - 14 passes
==PROF== Profiling "kernel_gradient_descent" - 893: 0%....50%....100% - 14 passes
==PROF== Profiling "kernel_gradient_descent" - 894: 0%....50%....100% - 14 passes
==PROF== Profiling "kernel_gradient_descent" - 895: 0%....50%....100% - 14 passes
==PROF== Profiling "kernel_gradient_descent" - 896: 0%....50%....100% - 14 passes
==PROF== Profiling "kernel_gemm_repmat" - 897: 0%....50%....100% - 14 passes
==PROF== Profiling "kernel_sigmoid" - 898: 0%....50%....100% - 14 passes
==PROF== Profiling "kernel_gemm_repmat" - 899: 0%....50%....100% - 14 passes
==PROF== Profiling "kernel_softmax" - 900: 0%....50%....100% - 14 passes
==PROF== Profiling "kernel_oop_matrix_addition" - 901: 0%....50%....100% - 14 passes
==PROF== Profiling "kernel_oop_gemm_t2" - 902: 0%....50%....100% - 14 passes
==PROF== Profiling "kernel_sum_matrix_rows" - 903: 0%....50%....100% - 14 passes
==PROF== Profiling "kernel_matrix_multiply_t1" - 904: 0%....50%....100% - 14 passes
==PROF== Profiling "kernel_matrix_scalar_addition" - 905: 0%....50%....100% - 14 passes
==PROF== Profiling "kernel_pointwise_three_matrix" - 906: 0%....50%....100% - 14 passes
==PROF== Profiling "kernel_oop_gemm_t2" - 907: 0%....50%....100% - 14 passes
==PROF== Profiling "kernel_sum_matrix_rows" - 908: 0%....50%....100% - 14 passes
==PROF== Profiling "kernel_gradient_descent" - 909: 0%....50%....100% - 14 passes
==PROF== Profiling "kernel_gradient_descent" - 910: 0%....50%....100% - 14 passes
==PROF== Profiling "kernel_gradient_descent" - 911: 0%....50%....100% - 14 passes
==PROF== Profiling "kernel_gradient_descent" - 912: 0%....50%....100% - 14 passes
==PROF== Profiling "kernel_gemm_repmat" - 913: 0%....50%....100% - 14 passes
==PROF== Profiling "kernel_sigmoid" - 914: 0%....50%....100% - 14 passes
==PROF== Profiling "kernel_gemm_repmat" - 915: 0%....50%....100% - 14 passes
==PROF== Profiling "kernel_softmax" - 916: 0%....50%....100% - 14 passes
==PROF== Profiling "kernel_oop_matrix_addition" - 917: 0%....50%....100% - 14 passes
==PROF== Profiling "kernel_oop_gemm_t2" - 918: 0%....50%....100% - 14 passes
==PROF== Profiling "kernel_sum_matrix_rows" - 919: 0%....50%....100% - 14 passes
==PROF== Profiling "kernel_matrix_multiply_t1" - 920: 0%....50%....100% - 14 passes
==PROF== Profiling "kernel_matrix_scalar_addition" - 921: 0%....50%....100% - 14 passes
==PROF== Profiling "kernel_pointwise_three_matrix" - 922: 0%....50%....100% - 14 passes
==PROF== Profiling "kernel_oop_gemm_t2" - 923: 0%....50%....100% - 14 passes
==PROF== Profiling "kernel_sum_matrix_rows" - 924: 0%....50%....100% - 14 passes
==PROF== Profiling "kernel_gradient_descent" - 925: 0%....50%....100% - 14 passes
==PROF== Profiling "kernel_gradient_descent" - 926: 0%....50%....100% - 14 passes
==PROF== Profiling "kernel_gradient_descent" - 927: 0%....50%....100% - 14 passes
==PROF== Profiling "kernel_gradient_descent" - 928: 0%....50%....100% - 14 passes
==PROF== Profiling "kernel_gemm_repmat" - 929: 0%....50%....100% - 14 passes
==PROF== Profiling "kernel_sigmoid" - 930: 0%....50%....100% - 14 passes
==PROF== Profiling "kernel_gemm_repmat" - 931: 0%....50%....100% - 14 passes
==PROF== Profiling "kernel_softmax" - 932: 0%....50%....100% - 14 passes
==PROF== Profiling "kernel_oop_matrix_addition" - 933: 0%....50%....100% - 14 passes
==PROF== Profiling "kernel_oop_gemm_t2" - 934: 0%....50%....100% - 14 passes
==PROF== Profiling "kernel_sum_matrix_rows" - 935: 0%....50%....100% - 14 passes
==PROF== Profiling "kernel_matrix_multiply_t1" - 936: 0%....50%....100% - 14 passes
==PROF== Profiling "kernel_matrix_scalar_addition" - 937: 0%....50%....100% - 14 passes
==PROF== Profiling "kernel_pointwise_three_matrix" - 938: 0%....50%....100% - 14 passes
==PROF== Profiling "kernel_oop_gemm_t2" - 939: 0%....50%....100% - 14 passes
==PROF== Profiling "kernel_sum_matrix_rows" - 940: 0%....50%....100% - 14 passes
==PROF== Profiling "kernel_gradient_descent" - 941: 0%....50%....100% - 14 passes
==PROF== Profiling "kernel_gradient_descent" - 942: 0%....50%....100% - 14 passes
==PROF== Profiling "kernel_gradient_descent" - 943: 0%....50%....100% - 14 passes
==PROF== Profiling "kernel_gradient_descent" - 944: 0%....50%....100% - 14 passes
==PROF== Profiling "kernel_gemm_repmat" - 945: 0%....50%....100% - 14 passes
==PROF== Profiling "kernel_sigmoid" - 946: 0%....50%....100% - 14 passes
==PROF== Profiling "kernel_gemm_repmat" - 947: 0%....50%....100% - 14 passes
==PROF== Profiling "kernel_softmax" - 948: 0%....50%....100% - 14 passes
==PROF== Profiling "kernel_oop_matrix_addition" - 949: 0%....50%....100% - 14 passes
==PROF== Profiling "kernel_oop_gemm_t2" - 950: 0%....50%....100% - 14 passes
==PROF== Profiling "kernel_sum_matrix_rows" - 951: 0%....50%....100% - 14 passes
==PROF== Profiling "kernel_matrix_multiply_t1" - 952: 0%....50%....100% - 14 passes
==PROF== Profiling "kernel_matrix_scalar_addition" - 953: 0%....50%....100% - 14 passes
==PROF== Profiling "kernel_pointwise_three_matrix" - 954: 0%....50%....100% - 14 passes
==PROF== Profiling "kernel_oop_gemm_t2" - 955: 0%....50%....100% - 14 passes
==PROF== Profiling "kernel_sum_matrix_rows" - 956: 0%....50%....100% - 14 passes
==PROF== Profiling "kernel_gradient_descent" - 957: 0%....50%....100% - 14 passes
==PROF== Profiling "kernel_gradient_descent" - 958: 0%....50%....100% - 14 passes
==PROF== Profiling "kernel_gradient_descent" - 959: 0%....50%....100% - 14 passes
==PROF== Profiling "kernel_gradient_descent" - 960: 0%....50%....100% - 14 passes
==PROF== Profiling "kernel_gemm_repmat" - 961: 0%....50%....100% - 14 passes
==PROF== Profiling "kernel_sigmoid" - 962: 0%....50%....100% - 14 passes
==PROF== Profiling "kernel_gemm_repmat" - 963: 0%....50%....100% - 14 passes
==PROF== Profiling "kernel_softmax" - 964: 0%....50%....100% - 14 passes
==PROF== Profiling "kernel_oop_matrix_addition" - 965: 0%....50%....100% - 14 passes
==PROF== Profiling "kernel_oop_gemm_t2" - 966: 0%....50%....100% - 14 passes
==PROF== Profiling "kernel_sum_matrix_rows" - 967: 0%....50%....100% - 14 passes
==PROF== Profiling "kernel_matrix_multiply_t1" - 968: 0%....50%....100% - 14 passes
==PROF== Profiling "kernel_matrix_scalar_addition" - 969: 0%....50%....100% - 14 passes
==PROF== Profiling "kernel_pointwise_three_matrix" - 970: 0%....50%....100% - 14 passes
==PROF== Profiling "kernel_oop_gemm_t2" - 971: 0%....50%....100% - 14 passes
==PROF== Profiling "kernel_sum_matrix_rows" - 972: 0%....50%....100% - 14 passes
==PROF== Profiling "kernel_gradient_descent" - 973: 0%....50%....100% - 14 passes
==PROF== Profiling "kernel_gradient_descent" - 974: 0%....50%....100% - 14 passes
==PROF== Profiling "kernel_gradient_descent" - 975: 0%....50%....100% - 14 passes
==PROF== Profiling "kernel_gradient_descent" - 976: 0%....50%....100% - 14 passes
==PROF== Profiling "kernel_gemm_repmat" - 977: 0%....50%....100% - 14 passes
==PROF== Profiling "kernel_sigmoid" - 978: 0%....50%....100% - 14 passes
==PROF== Profiling "kernel_gemm_repmat" - 979: 0%....50%....100% - 14 passes
==PROF== Profiling "kernel_softmax" - 980: 0%....50%....100% - 14 passes
==PROF== Profiling "kernel_oop_matrix_addition" - 981: 0%....50%....100% - 14 passes
==PROF== Profiling "kernel_oop_gemm_t2" - 982: 0%....50%....100% - 14 passes
==PROF== Profiling "kernel_sum_matrix_rows" - 983: 0%....50%....100% - 14 passes
==PROF== Profiling "kernel_matrix_multiply_t1" - 984: 0%....50%....100% - 14 passes
==PROF== Profiling "kernel_matrix_scalar_addition" - 985: 0%....50%....100% - 14 passes
==PROF== Profiling "kernel_pointwise_three_matrix" - 986: 0%....50%....100% - 14 passes
==PROF== Profiling "kernel_oop_gemm_t2" - 987: 0%....50%....100% - 14 passes
==PROF== Profiling "kernel_sum_matrix_rows" - 988: 0%....50%....100% - 14 passes
==PROF== Profiling "kernel_gradient_descent" - 989: 0%....50%....100% - 14 passes
==PROF== Profiling "kernel_gradient_descent" - 990: 0%....50%....100% - 14 passes
==PROF== Profiling "kernel_gradient_descent" - 991: 0%....50%....100% - 14 passes
==PROF== Profiling "kernel_gradient_descent" - 992: 0%....50%....100% - 14 passes
==PROF== Profiling "kernel_gemm_repmat" - 993: 0%....50%....100% - 14 passes
==PROF== Profiling "kernel_sigmoid" - 994: 0%....50%....100% - 14 passes
==PROF== Profiling "kernel_gemm_repmat" - 995: 0%....50%....100% - 14 passes
==PROF== Profiling "kernel_softmax" - 996: 0%....50%....100% - 14 passes
==PROF== Profiling "kernel_oop_matrix_addition" - 997: 0%....50%....100% - 14 passes
==PROF== Profiling "kernel_oop_gemm_t2" - 998: 0%....50%....100% - 14 passes
==PROF== Profiling "kernel_sum_matrix_rows" - 999: 0%....50%....100% - 14 passes
==PROF== Profiling "kernel_matrix_multiply_t1" - 1000: 0%....50%....100% - 14 passes
==PROF== Profiling "kernel_matrix_scalar_addition" - 1001: 0%....50%....100% - 14 passes
==PROF== Profiling "kernel_pointwise_three_matrix" - 1002: 0%....50%....100% - 14 passes
==PROF== Profiling "kernel_oop_gemm_t2" - 1003: 0%....50%....100% - 14 passes
==PROF== Profiling "kernel_sum_matrix_rows" - 1004: 0%....50%....100% - 14 passes
==PROF== Profiling "kernel_gradient_descent" - 1005: 0%....50%....100% - 14 passes
==PROF== Profiling "kernel_gradient_descent" - 1006: 0%....50%....100% - 14 passes
==PROF== Profiling "kernel_gradient_descent" - 1007: 0%....50%....100% - 14 passes
==PROF== Profiling "kernel_gradient_descent" - 1008: 0%....50%....100% - 14 passes
==PROF== Profiling "kernel_gemm_repmat" - 1009: 0%....50%....100% - 14 passes
==PROF== Profiling "kernel_sigmoid" - 1010: 0%....50%....100% - 14 passes
==PROF== Profiling "kernel_gemm_repmat" - 1011: 0%....50%....100% - 14 passes
==PROF== Profiling "kernel_softmax" - 1012: 0%....50%....100% - 14 passes
==PROF== Profiling "kernel_oop_matrix_addition" - 1013: 0%....50%....100% - 14 passes
==PROF== Profiling "kernel_oop_gemm_t2" - 1014: 0%....50%....100% - 14 passes
==PROF== Profiling "kernel_sum_matrix_rows" - 1015: 0%....50%....100% - 14 passes
==PROF== Profiling "kernel_matrix_multiply_t1" - 1016: 0%....50%....100% - 14 passes
==PROF== Profiling "kernel_matrix_scalar_addition" - 1017: 0%....50%....100% - 14 passes
==PROF== Profiling "kernel_pointwise_three_matrix" - 1018: 0%....50%....100% - 14 passes
==PROF== Profiling "kernel_oop_gemm_t2" - 1019: 0%....50%....100% - 14 passes
==PROF== Profiling "kernel_sum_matrix_rows" - 1020: 0%....50%....100% - 14 passes
==PROF== Profiling "kernel_gradient_descent" - 1021: 0%....50%....100% - 14 passes
==PROF== Profiling "kernel_gradient_descent" - 1022: 0%....50%....100% - 14 passes
==PROF== Profiling "kernel_gradient_descent" - 1023: 0%....50%....100% - 14 passes
==PROF== Profiling "kernel_gradient_descent" - 1024: 0%....50%....100% - 14 passes
==PROF== Profiling "kernel_gemm_repmat" - 1025: 0%....50%....100% - 14 passes
==PROF== Profiling "kernel_sigmoid" - 1026: 0%....50%....100% - 14 passes
==PROF== Profiling "kernel_gemm_repmat" - 1027: 0%....50%....100% - 14 passes
==PROF== Profiling "kernel_softmax" - 1028: 0%....50%....100% - 14 passes
==PROF== Profiling "kernel_oop_matrix_addition" - 1029: 0%....50%....100% - 14 passes
==PROF== Profiling "kernel_oop_gemm_t2" - 1030: 0%....50%....100% - 14 passes
==PROF== Profiling "kernel_sum_matrix_rows" - 1031: 0%....50%....100% - 14 passes
==PROF== Profiling "kernel_matrix_multiply_t1" - 1032: 0%....50%....100% - 14 passes
==PROF== Profiling "kernel_matrix_scalar_addition" - 1033: 0%....50%....100% - 14 passes
==PROF== Profiling "kernel_pointwise_three_matrix" - 1034: 0%....50%....100% - 14 passes
==PROF== Profiling "kernel_oop_gemm_t2" - 1035: 0%....50%....100% - 14 passes
==PROF== Profiling "kernel_sum_matrix_rows" - 1036: 0%....50%....100% - 14 passes
==PROF== Profiling "kernel_gradient_descent" - 1037: 0%....50%....100% - 14 passes
==PROF== Profiling "kernel_gradient_descent" - 1038: 0%....50%....100% - 14 passes
==PROF== Profiling "kernel_gradient_descent" - 1039: 0%....50%....100% - 14 passes
==PROF== Profiling "kernel_gradient_descent" - 1040: 0%....50%....100% - 14 passes
==PROF== Profiling "kernel_gemm_repmat" - 1041: 0%....50%....100% - 14 passes
==PROF== Profiling "kernel_sigmoid" - 1042: 0%....50%....100% - 14 passes
==PROF== Profiling "kernel_gemm_repmat" - 1043: 0%....50%....100% - 14 passes
==PROF== Profiling "kernel_softmax" - 1044: 0%....50%....100% - 14 passes
==PROF== Profiling "kernel_oop_matrix_addition" - 1045: 0%....50%....100% - 14 passes
==PROF== Profiling "kernel_oop_gemm_t2" - 1046: 0%....50%....100% - 14 passes
==PROF== Profiling "kernel_sum_matrix_rows" - 1047: 0%....50%....100% - 14 passes
==PROF== Profiling "kernel_matrix_multiply_t1" - 1048: 0%....50%....100% - 14 passes
==PROF== Profiling "kernel_matrix_scalar_addition" - 1049: 0%....50%....100% - 14 passes
==PROF== Profiling "kernel_pointwise_three_matrix" - 1050: 0%....50%....100% - 14 passes
==PROF== Profiling "kernel_oop_gemm_t2" - 1051: 0%....50%....100% - 14 passes
==PROF== Profiling "kernel_sum_matrix_rows" - 1052: 0%....50%....100% - 14 passes
==PROF== Profiling "kernel_gradient_descent" - 1053: 0%....50%....100% - 14 passes
==PROF== Profiling "kernel_gradient_descent" - 1054: 0%....50%....100% - 14 passes
==PROF== Profiling "kernel_gradient_descent" - 1055: 0%....50%....100% - 14 passes
==PROF== Profiling "kernel_gradient_descent" - 1056: 0%....50%....100% - 14 passes
==PROF== Profiling "kernel_gemm_repmat" - 1057: 0%....50%....100% - 14 passes
==PROF== Profiling "kernel_sigmoid" - 1058: 0%....50%....100% - 14 passes
==PROF== Profiling "kernel_gemm_repmat" - 1059: 0%....50%....100% - 14 passes
==PROF== Profiling "kernel_softmax" - 1060: 0%....50%....100% - 14 passes
==PROF== Profiling "kernel_oop_matrix_addition" - 1061: 0%....50%....100% - 14 passes
==PROF== Profiling "kernel_oop_gemm_t2" - 1062: 0%....50%....100% - 14 passes
==PROF== Profiling "kernel_sum_matrix_rows" - 1063: 0%....50%....100% - 14 passes
==PROF== Profiling "kernel_matrix_multiply_t1" - 1064: 0%....50%....100% - 14 passes
==PROF== Profiling "kernel_matrix_scalar_addition" - 1065: 0%....50%....100% - 14 passes
==PROF== Profiling "kernel_pointwise_three_matrix" - 1066: 0%....50%....100% - 14 passes
==PROF== Profiling "kernel_oop_gemm_t2" - 1067: 0%....50%....100% - 14 passes
==PROF== Profiling "kernel_sum_matrix_rows" - 1068: 0%....50%....100% - 14 passes
==PROF== Profiling "kernel_gradient_descent" - 1069: 0%....50%....100% - 14 passes
==PROF== Profiling "kernel_gradient_descent" - 1070: 0%....50%....100% - 14 passes
==PROF== Profiling "kernel_gradient_descent" - 1071: 0%....50%....100% - 14 passes
==PROF== Profiling "kernel_gradient_descent" - 1072: 0%....50%....100% - 14 passes
==PROF== Profiling "kernel_gemm_repmat" - 1073: 0%....50%....100% - 14 passes
==PROF== Profiling "kernel_sigmoid" - 1074: 0%....50%....100% - 14 passes
==PROF== Profiling "kernel_gemm_repmat" - 1075: 0%....50%....100% - 14 passes
==PROF== Profiling "kernel_softmax" - 1076: 0%....50%....100% - 14 passes
==PROF== Profiling "kernel_oop_matrix_addition" - 1077: 0%....50%....100% - 14 passes
==PROF== Profiling "kernel_oop_gemm_t2" - 1078: 0%....50%....100% - 14 passes
==PROF== Profiling "kernel_sum_matrix_rows" - 1079: 0%....50%....100% - 14 passes
==PROF== Profiling "kernel_matrix_multiply_t1" - 1080: 0%....50%....100% - 14 passes
==PROF== Profiling "kernel_matrix_scalar_addition" - 1081: 0%....50%....100% - 14 passes
==PROF== Profiling "kernel_pointwise_three_matrix" - 1082: 0%....50%....100% - 14 passes
==PROF== Profiling "kernel_oop_gemm_t2" - 1083: 0%....50%....100% - 14 passes
==PROF== Profiling "kernel_sum_matrix_rows" - 1084: 0%....50%....100% - 14 passes
==PROF== Profiling "kernel_gradient_descent" - 1085: 0%....50%....100% - 14 passes
==PROF== Profiling "kernel_gradient_descent" - 1086: 0%....50%....100% - 14 passes
==PROF== Profiling "kernel_gradient_descent" - 1087: 0%....50%....100% - 14 passes
==PROF== Profiling "kernel_gradient_descent" - 1088: 0%....50%....100%Time for Parallel Training: 278.869 seconds
Precision on validation set for parallel training = 0.463667

Grading mode on. Now checking for correctness...

Max norm of diff b/w seq and par: W[0]: 3.47612e-08, b[0]: 3.91249e-07
l2  norm of diff b/w seq and par: W[0]: 5.35523e-08, b[0]: 3.17079e-07
Max norm of diff b/w seq and par: W[1]: 6.82023e-08, b[1]: 3.46585e-07
l2  norm of diff b/w seq and par: W[1]: 7.55184e-08, b[1]: 2.76166e-07
 - 14 passes
==PROF== Disconnected from process 3636
==PROF== Report: /home/jelc/cme213-para/project/ncompute.ncu-rep
