utils/neural_network_util.cpp(@149): Loading from file /home/jelc/cme213-para/project/results//seq_epoch-W0-0-3.mat
utils/neural_network_util.cpp(@156): Loading from file /home/jelc/cme213-para/project/results//seq_epoch-W1-0-3.mat
utils/neural_network_util.cpp(@163): Loading from file /home/jelc/cme213-para/project/results//seq_epoch-b0-0-3.mat
utils/neural_network_util.cpp(@170): Loading from file /home/jelc/cme213-para/project/results//seq_epoch-b1-0-3.mat
utils/neural_network_util.cpp(@149): Loading from file /home/jelc/cme213-para/project/results//seq_epoch-W0-15-3.mat
utils/neural_network_util.cpp(@156): Loading from file /home/jelc/cme213-para/project/results//seq_epoch-W1-15-3.mat
utils/neural_network_util.cpp(@163): Loading from file /home/jelc/cme213-para/project/results//seq_epoch-b0-15-3.mat
utils/neural_network_util.cpp(@170): Loading from file /home/jelc/cme213-para/project/results//seq_epoch-b1-15-3.mat
utils/neural_network_util.cpp(@149): Loading from file /home/jelc/cme213-para/project/results//seq_epoch-W0-30-3.mat
utils/neural_network_util.cpp(@156): Loading from file /home/jelc/cme213-para/project/results//seq_epoch-W1-30-3.mat
utils/neural_network_util.cpp(@163): Loading from file /home/jelc/cme213-para/project/results//seq_epoch-b0-30-3.mat
utils/neural_network_util.cpp(@170): Loading from file /home/jelc/cme213-para/project/results//seq_epoch-b1-30-3.mat
utils/neural_network_util.cpp(@149): Loading from file /home/jelc/cme213-para/project/results//seq_epoch-W0-45-3.mat
utils/neural_network_util.cpp(@156): Loading from file /home/jelc/cme213-para/project/results//seq_epoch-W1-45-3.mat
utils/neural_network_util.cpp(@163): Loading from file /home/jelc/cme213-para/project/results//seq_epoch-b0-45-3.mat
utils/neural_network_util.cpp(@170): Loading from file /home/jelc/cme213-para/project/results//seq_epoch-b1-45-3.mat
utils/neural_network_util.cpp(@149): Loading from file /home/jelc/cme213-para/project/results//seq_epoch-W0-60-3.mat
utils/neural_network_util.cpp(@156): Loading from file /home/jelc/cme213-para/project/results//seq_epoch-W1-60-3.mat
utils/neural_network_util.cpp(@163): Loading from file /home/jelc/cme213-para/project/results//seq_epoch-b0-60-3.mat
utils/neural_network_util.cpp(@170): Loading from file /home/jelc/cme213-para/project/results//seq_epoch-b1-60-3.mat
main.cpp(@335): Loading from file /home/jelc/cme213-para/project/results//seq_nn-W0-3.mat
main.cpp(@339): Loading from file /home/jelc/cme213-para/project/results//seq_nn-b0-3.mat
main.cpp(@335): Loading from file /home/jelc/cme213-para/project/results//seq_nn-W1-3.mat
main.cpp(@339): Loading from file /home/jelc/cme213-para/project/results//seq_nn-b1-3.mat
[icmet01:10568] PMIX ERROR: NO-PERMISSIONS in file dstore_base.c at line 237
[icmet01:10568] PMIX ERROR: NO-PERMISSIONS in file dstore_base.c at line 246
terminate called after throwing an instance of 'N5boost10filesystem16filesystem_errorE'
  what():  boost::filesystem::remove: Directory not empty: "/home/jelc/tmp/NVIDIA-treetracker-uPvq6W"
/var/spool/slurmd/job52277/slurm_script: line 32: 10542 Aborted                 (core dumped) ncu -o ncompute ./main -g 3
